{"C:\\Users\\ellin\\Desktop\\Project\\MyAccountBook\\client\\src\\App.vue": {"path":"C:\\Users\\ellin\\Desktop\\Project\\MyAccountBook\\client\\src\\App.vue","statementMap":{"0":{"start":{"line":4,"column":0},"end":{"line":6,"column":3}},"1":{"start":{"line":7,"column":0},"end":{"line":7,"column":25}},"2":{"start":{"line":40,"column":0},"end":{"line":40,"column":13}},"3":{"start":{"line":42,"column":0},"end":{"line":44,"column":3}},"4":{"start":{"line":45,"column":0},"end":{"line":45,"column":24}},"5":{"start":{"line":46,"column":11},"end":{"line":46,"column":25}},"6":{"start":{"line":47,"column":19},"end":{"line":49,"column":1}},"7":{"start":{"line":51,"column":33},"end":{"line":51,"column":74}},"8":{"start":{"line":52,"column":33},"end":{"line":52,"column":74}},"9":{"start":{"line":53,"column":2},"end":{"line":98,"column":112}},"10":{"start":{"line":56,"column":37},"end":{"line":56,"column":99}},"11":{"start":{"line":63,"column":37},"end":{"line":63,"column":109}},"12":{"start":{"line":70,"column":37},"end":{"line":70,"column":104}},"13":{"start":{"line":77,"column":37},"end":{"line":77,"column":105}},"14":{"start":{"line":84,"column":37},"end":{"line":84,"column":107}},"15":{"start":{"line":91,"column":37},"end":{"line":91,"column":102}},"16":{"start":{"line":97,"column":52},"end":{"line":97,"column":99}},"17":{"start":{"line":99,"column":2},"end":{"line":99,"column":49}}},"fnMap":{"0":{"name":"render","decl":{"start":{"line":50,"column":9},"end":{"line":50,"column":15}},"loc":{"start":{"line":50,"column":30},"end":{"line":99,"column":1}},"line":50},"1":{"name":"(anonymous_1)","decl":{"start":{"line":56,"column":31},"end":{"line":56,"column":32}},"loc":{"start":{"line":56,"column":37},"end":{"line":56,"column":99}},"line":56},"2":{"name":"(anonymous_2)","decl":{"start":{"line":63,"column":31},"end":{"line":63,"column":32}},"loc":{"start":{"line":63,"column":37},"end":{"line":63,"column":109}},"line":63},"3":{"name":"(anonymous_3)","decl":{"start":{"line":70,"column":31},"end":{"line":70,"column":32}},"loc":{"start":{"line":70,"column":37},"end":{"line":70,"column":104}},"line":70},"4":{"name":"(anonymous_4)","decl":{"start":{"line":77,"column":31},"end":{"line":77,"column":32}},"loc":{"start":{"line":77,"column":37},"end":{"line":77,"column":105}},"line":77},"5":{"name":"(anonymous_5)","decl":{"start":{"line":84,"column":31},"end":{"line":84,"column":32}},"loc":{"start":{"line":84,"column":37},"end":{"line":84,"column":107}},"line":84},"6":{"name":"(anonymous_6)","decl":{"start":{"line":91,"column":31},"end":{"line":91,"column":32}},"loc":{"start":{"line":91,"column":37},"end":{"line":91,"column":102}},"line":91},"7":{"name":"(anonymous_7)","decl":{"start":{"line":97,"column":39},"end":{"line":97,"column":40}},"loc":{"start":{"line":97,"column":52},"end":{"line":97,"column":99}},"line":97}},"branchMap":{"0":{"loc":{"start":{"line":56,"column":37},"end":{"line":56,"column":99}},"type":"binary-expr","locations":[{"start":{"line":56,"column":37},"end":{"line":56,"column":46}},{"start":{"line":56,"column":51},"end":{"line":56,"column":98}}],"line":56},"1":{"loc":{"start":{"line":59,"column":6},"end":{"line":59,"column":65}},"type":"binary-expr","locations":[{"start":{"line":59,"column":6},"end":{"line":59,"column":15}},{"start":{"line":59,"column":20},"end":{"line":59,"column":64}}],"line":59},"2":{"loc":{"start":{"line":59,"column":67},"end":{"line":66,"column":50}},"type":"cond-expr","locations":[{"start":{"line":59,"column":92},"end":{"line":66,"column":4}},{"start":{"line":66,"column":8},"end":{"line":66,"column":50}}],"line":59},"3":{"loc":{"start":{"line":63,"column":37},"end":{"line":63,"column":109}},"type":"binary-expr","locations":[{"start":{"line":63,"column":37},"end":{"line":63,"column":46}},{"start":{"line":63,"column":51},"end":{"line":63,"column":108}}],"line":63},"4":{"loc":{"start":{"line":66,"column":52},"end":{"line":73,"column":50}},"type":"cond-expr","locations":[{"start":{"line":66,"column":76},"end":{"line":73,"column":4}},{"start":{"line":73,"column":8},"end":{"line":73,"column":50}}],"line":66},"5":{"loc":{"start":{"line":70,"column":37},"end":{"line":70,"column":104}},"type":"binary-expr","locations":[{"start":{"line":70,"column":37},"end":{"line":70,"column":46}},{"start":{"line":70,"column":51},"end":{"line":70,"column":103}}],"line":70},"6":{"loc":{"start":{"line":73,"column":52},"end":{"line":73,"column":111}},"type":"binary-expr","locations":[{"start":{"line":73,"column":52},"end":{"line":73,"column":61}},{"start":{"line":73,"column":66},"end":{"line":73,"column":110}}],"line":73},"7":{"loc":{"start":{"line":73,"column":113},"end":{"line":80,"column":50}},"type":"cond-expr","locations":[{"start":{"line":73,"column":137},"end":{"line":80,"column":4}},{"start":{"line":80,"column":8},"end":{"line":80,"column":50}}],"line":73},"8":{"loc":{"start":{"line":77,"column":37},"end":{"line":77,"column":105}},"type":"binary-expr","locations":[{"start":{"line":77,"column":37},"end":{"line":77,"column":46}},{"start":{"line":77,"column":51},"end":{"line":77,"column":104}}],"line":77},"9":{"loc":{"start":{"line":80,"column":52},"end":{"line":80,"column":111}},"type":"binary-expr","locations":[{"start":{"line":80,"column":52},"end":{"line":80,"column":61}},{"start":{"line":80,"column":66},"end":{"line":80,"column":110}}],"line":80},"10":{"loc":{"start":{"line":80,"column":113},"end":{"line":87,"column":50}},"type":"cond-expr","locations":[{"start":{"line":80,"column":137},"end":{"line":87,"column":4}},{"start":{"line":87,"column":8},"end":{"line":87,"column":50}}],"line":80},"11":{"loc":{"start":{"line":84,"column":37},"end":{"line":84,"column":107}},"type":"binary-expr","locations":[{"start":{"line":84,"column":37},"end":{"line":84,"column":46}},{"start":{"line":84,"column":51},"end":{"line":84,"column":106}}],"line":84},"12":{"loc":{"start":{"line":87,"column":52},"end":{"line":87,"column":113}},"type":"binary-expr","locations":[{"start":{"line":87,"column":52},"end":{"line":87,"column":62}},{"start":{"line":87,"column":67},"end":{"line":87,"column":112}}],"line":87},"13":{"loc":{"start":{"line":87,"column":115},"end":{"line":94,"column":50}},"type":"cond-expr","locations":[{"start":{"line":87,"column":139},"end":{"line":94,"column":4}},{"start":{"line":94,"column":8},"end":{"line":94,"column":50}}],"line":87},"14":{"loc":{"start":{"line":91,"column":37},"end":{"line":91,"column":102}},"type":"binary-expr","locations":[{"start":{"line":91,"column":37},"end":{"line":91,"column":46}},{"start":{"line":91,"column":51},"end":{"line":91,"column":101}}],"line":91},"15":{"loc":{"start":{"line":94,"column":52},"end":{"line":98,"column":60}},"type":"cond-expr","locations":[{"start":{"line":94,"column":76},"end":{"line":98,"column":14}},{"start":{"line":98,"column":18},"end":{"line":98,"column":60}}],"line":94},"16":{"loc":{"start":{"line":97,"column":13},"end":{"line":97,"column":100}},"type":"binary-expr","locations":[{"start":{"line":97,"column":13},"end":{"line":97,"column":22}},{"start":{"line":97,"column":27},"end":{"line":97,"column":99}}],"line":97},"17":{"loc":{"start":{"line":97,"column":52},"end":{"line":97,"column":99}},"type":"binary-expr","locations":[{"start":{"line":97,"column":52},"end":{"line":97,"column":69}},{"start":{"line":97,"column":73},"end":{"line":97,"column":99}}],"line":97}},"s":{"0":0,"1":0,"2":0,"3":0,"4":0,"5":0,"6":0,"7":0,"8":0,"9":0,"10":0,"11":0,"12":0,"13":0,"14":0,"15":0,"16":0,"17":0},"f":{"0":0,"1":0,"2":0,"3":0,"4":0,"5":0,"6":0,"7":0},"b":{"0":[0,0],"1":[0,0],"2":[0,0],"3":[0,0],"4":[0,0],"5":[0,0],"6":[0,0],"7":[0,0],"8":[0,0],"9":[0,0],"10":[0,0],"11":[0,0],"12":[0,0],"13":[0,0],"14":[0,0],"15":[0,0],"16":[0,0],"17":[0,0]},"inputSourceMap":{"0":"{","1":"\"","2":"v","3":"e","4":"r","5":"s","6":"i","7":"o","8":"n","9":"\"","10":":","11":"3","12":",","13":"\"","14":"s","15":"o","16":"u","17":"r","18":"c","19":"e","20":"s","21":"\"","22":":","23":"[","24":"\"","25":"C","26":":","27":"\\","28":"\\","29":"U","30":"s","31":"e","32":"r","33":"s","34":"\\","35":"\\","36":"e","37":"l","38":"l","39":"i","40":"n","41":"\\","42":"\\","43":"D","44":"e","45":"s","46":"k","47":"t","48":"o","49":"p","50":"\\","51":"\\","52":"P","53":"r","54":"o","55":"j","56":"e","57":"c","58":"t","59":"\\","60":"\\","61":"M","62":"y","63":"A","64":"c","65":"c","66":"o","67":"u","68":"n","69":"t","70":"B","71":"o","72":"o","73":"k","74":"\\","75":"\\","76":"c","77":"l","78":"i","79":"e","80":"n","81":"t","82":"\\","83":"\\","84":"s","85":"r","86":"c","87":"\\","88":"\\","89":"A","90":"p","91":"p","92":".","93":"v","94":"u","95":"e","96":"\"","97":"]","98":",","99":"\"","100":"n","101":"a","102":"m","103":"e","104":"s","105":"\"","106":":","107":"[","108":"]","109":",","110":"\"","111":"m","112":"a","113":"p","114":"p","115":"i","116":"n","117":"g","118":"s","119":"\"","120":":","121":"\"","122":";","123":";","124":";","125":";","126":";","127":";","128":";","129":"A","130":"A","131":"6","132":"B","133":"E","134":";","135":"A","136":"A","137":"A","138":"A","139":";","140":"A","141":"A","142":"A","143":"A","144":";","145":"A","146":"A","147":"A","148":"8","149":"C","150":";","151":"A","152":"A","153":"A","154":"C","155":";","156":"A","157":"A","158":"A","159":"A","160":",","161":"i","162":"C","163":"A","164":"E","165":"h","166":"C","167":";","168":"E","169":"A","170":"C","171":"b","172":",","173":"I","174":"A","175":"A","176":"I","177":",","178":"E","179":"A","180":"A","181":"E","182":",","183":"K","184":"A","185":"A","186":"K","187":";","188":"E","189":"A","190":"A","191":"E","192":";","193":"E","194":"A","195":"C","196":"b","197":",","198":"Q","199":"A","200":"A","201":"Q","202":",","203":"E","204":"A","205":"A","206":"E","207":";","208":"I","209":"A","210":"C","211":"R","212":";","213":"I","214":"A","215":"A","216":"G","217":";","218":"I","219":"A","220":"A","221":"A","222":";","223":"I","224":"A","225":"A","226":"A","227":";","228":"I","229":"A","230":"A","231":"A","232":";","233":"I","234":"A","235":"A","236":"A","237":";","238":"I","239":"A","240":"A","241":"A","242":",","243":"U","244":"A","245":"A","246":"U","247":",","248":"E","249":"A","250":"A","251":"C","252":",","253":"M","254":"A","255":"A","256":"M","257":",","258":"E","259":"A","260":"A","261":"E","262":",","263":"C","264":"A","265":"A","266":"C","267":",","268":"i","269":"B","270":"A","271":"A","272":"i","273":"B","274":",","275":"E","276":"A","277":"A","278":"E","279":",","280":"a","281":"A","282":"A","283":"a","284":",","285":"C","286":"A","287":"A","288":"C","289":",","290":"C","291":"A","292":"A","293":"C","294":",","295":"C","296":"A","297":"A","298":"E","299":";","300":"E","301":"A","302":"C","303":"7","304":"D","305":",","306":"C","307":"A","308":"A","309":"C","310":";","311":"E","312":"A","313":"C","314":"D","315":",","316":"O","317":"A","318":"A","319":"O","320":",","321":"E","322":"A","323":"A","324":"E","325":";","326":"I","327":"A","328":"C","329":"P","330":";","331":"I","332":"A","333":"A","334":"G","335":";","336":"I","337":"A","338":"A","339":"A","340":";","341":"I","342":"A","343":"A","344":"A","345":";","346":"I","347":"A","348":"A","349":"A","350":";","351":"I","352":"A","353":"A","354":"A","355":";","356":"I","357":"A","358":"A","359":"A","360":",","361":"U","362":"A","363":"A","364":"U","365":",","366":"E","367":"A","368":"A","369":"C","370":",","371":"M","372":"A","373":"A","374":"M","375":",","376":"E","377":"A","378":"A","379":"E","380":",","381":"C","382":"A","383":"A","384":"C","385":",","386":"Q","387":"A","388":"A","389":"Q","390":",","391":"C","392":"A","393":"A","394":"C","395":",","396":"C","397":"A","398":"A","399":"C","400":";","401":"I","402":"A","403":"A","404":"E","405":";","406":"I","407":"A","408":"C","409":"n","410":"C","411":",","412":"M","413":"A","414":"A","415":"M","416":",","417":"Y","418":"A","419":"A","420":"Y","421":",","422":"G","423":"A","424":"A","425":"G","426":";","427":"M","428":"A","429":"C","430":"n","431":"B","432":",","433":"M","434":"A","435":"A","436":"M","437":",","438":"I","439":"A","440":"A","441":"I","442":",","443":"C","444":"A","445":"A","446":"C","447":",","448":"M","449":"A","450":"A","451":"M","452":",","453":"C","454":"A","455":"A","456":"C","457":",","458":"C","459":"A","460":"A","461":"C","462":";","463":"M","464":"A","465":"C","466":"n","467":"B","468":",","469":"I","470":"A","471":"A","472":"I","473":",","474":"C","475":"A","476":"A","477":"C","478":",","479":"O","480":"A","481":"A","482":"O","483":",","484":"C","485":"A","486":"A","487":"C","488":",","489":"I","490":"A","491":"A","492":"I","493":",","494":"C","495":"A","496":"A","497":"C","498":",","499":"G","500":"A","501":"A","502":"G","503":",","504":"C","505":"A","506":"A","507":"C","508":",","509":"C","510":"A","511":"A","512":"C","513":",","514":"C","515":"A","516":"A","517":"C","518":";","519":"I","520":"A","521":"C","522":"1","523":"B","524":";","525":"E","526":"A","527":"C","528":"F","529":",","530":"C","531":"A","532":"A","533":"C","534":",","535":"C","536":"A","537":"A","538":"E","539":";","540":"A","541":"A","542":"C","543":"L","544":",","545":"C","546":"A","547":"A","548":"C","549":"\"","550":",","551":"\"","552":"f","553":"i","554":"l","555":"e","556":"\"","557":":","558":"\"","559":"C","560":":","561":"\\","562":"\\","563":"U","564":"s","565":"e","566":"r","567":"s","568":"\\","569":"\\","570":"e","571":"l","572":"l","573":"i","574":"n","575":"\\","576":"\\","577":"D","578":"e","579":"s","580":"k","581":"t","582":"o","583":"p","584":"\\","585":"\\","586":"P","587":"r","588":"o","589":"j","590":"e","591":"c","592":"t","593":"\\","594":"\\","595":"M","596":"y","597":"A","598":"c","599":"c","600":"o","601":"u","602":"n","603":"t","604":"B","605":"o","606":"o","607":"k","608":"\\","609":"\\","610":"c","611":"l","612":"i","613":"e","614":"n","615":"t","616":"\\","617":"\\","618":"s","619":"r","620":"c","621":"\\","622":"\\","623":"A","624":"p","625":"p","626":".","627":"v","628":"u","629":"e","630":"\"","631":",","632":"\"","633":"s","634":"o","635":"u","636":"r","637":"c","638":"e","639":"s","640":"C","641":"o","642":"n","643":"t","644":"e","645":"n","646":"t","647":"\"","648":":","649":"[","650":"\"","651":"<","652":"t","653":"e","654":"m","655":"p","656":"l","657":"a","658":"t","659":"e","660":">","661":"\\","662":"n","663":" ","664":" ","665":"<","666":"d","667":"i","668":"v","669":" ","670":"i","671":"d","672":"=","673":"\\","674":"\"","675":"a","676":"p","677":"p","678":"\\","679":"\"","680":">","681":"\\","682":"n","683":" ","684":" ","685":" ","686":" ","687":"<","688":"n","689":"a","690":"v","691":">","692":"\\","693":"n","694":" ","695":" ","696":" ","697":" ","698":" ","699":" ","700":"<","701":"r","702":"o","703":"u","704":"t","705":"e","706":"r","707":"-","708":"l","709":"i","710":"n","711":"k","712":" ","713":"t","714":"o","715":"=","716":"\\","717":"\"","718":"/","719":"\\","720":"\"","721":">","722":"H","723":"o","724":"m","725":"e","726":"<","727":"/","728":"r","729":"o","730":"u","731":"t","732":"e","733":"r","734":"-","735":"l","736":"i","737":"n","738":"k","739":">","740":" ","741":"|","742":"\\","743":"n","744":" ","745":" ","746":" ","747":" ","748":" ","749":" ","750":"<","751":"r","752":"o","753":"u","754":"t","755":"e","756":"r","757":"-","758":"l","759":"i","760":"n","761":"k","762":" ","763":"v","764":"-","765":"i","766":"f","767":"=","768":"\\","769":"\"","770":"!","771":"i","772":"s","773":"A","774":"u","775":"t","776":"h","777":"e","778":"n","779":"t","780":"i","781":"c","782":"a","783":"t","784":"e","785":"d","786":"\\","787":"\"","788":" ","789":"t","790":"o","791":"=","792":"\\","793":"\"","794":"/","795":"a","796":"u","797":"t","798":"h","799":"\\","800":"\"","801":"\\","802":"n","803":" ","804":" ","805":" ","806":" ","807":" ","808":" ","809":" ","810":" ","811":">","812":"L","813":"o","814":"g","815":"i","816":"n","817":"/","818":"R","819":"e","820":"g","821":"i","822":"s","823":"t","824":"e","825":"r","826":"<","827":"/","828":"r","829":"o","830":"u","831":"t","832":"e","833":"r","834":"-","835":"l","836":"i","837":"n","838":"k","839":"\\","840":"n","841":" ","842":" ","843":" ","844":" ","845":" ","846":" ","847":">","848":"\\","849":"n","850":" ","851":" ","852":" ","853":" ","854":" ","855":" ","856":"<","857":"r","858":"o","859":"u","860":"t","861":"e","862":"r","863":"-","864":"l","865":"i","866":"n","867":"k","868":" ","869":"v","870":"-","871":"i","872":"f","873":"=","874":"\\","875":"\"","876":"i","877":"s","878":"A","879":"u","880":"t","881":"h","882":"e","883":"n","884":"t","885":"i","886":"c","887":"a","888":"t","889":"e","890":"d","891":"\\","892":"\"","893":" ","894":"t","895":"o","896":"=","897":"\\","898":"\"","899":"/","900":"d","901":"a","902":"s","903":"h","904":"b","905":"o","906":"a","907":"r","908":"d","909":"\\","910":"\"","911":"\\","912":"n","913":" ","914":" ","915":" ","916":" ","917":" ","918":" ","919":" ","920":" ","921":">","922":"D","923":"a","924":"s","925":"h","926":"b","927":"o","928":"a","929":"r","930":"d","931":"<","932":"/","933":"r","934":"o","935":"u","936":"t","937":"e","938":"r","939":"-","940":"l","941":"i","942":"n","943":"k","944":"\\","945":"n","946":" ","947":" ","948":" ","949":" ","950":" ","951":" ","952":">","953":"\\","954":"n","955":" ","956":" ","957":" ","958":" ","959":" ","960":" ","961":"|","962":"\\","963":"n","964":" ","965":" ","966":" ","967":" ","968":" ","969":" ","970":"<","971":"r","972":"o","973":"u","974":"t","975":"e","976":"r","977":"-","978":"l","979":"i","980":"n","981":"k","982":" ","983":"v","984":"-","985":"i","986":"f","987":"=","988":"\\","989":"\"","990":"i","991":"s","992":"A","993":"u","994":"t","995":"h","996":"e","997":"n","998":"t","999":"i","1000":"c","1001":"a","1002":"t","1003":"e","1004":"d","1005":"\\","1006":"\"","1007":" ","1008":"t","1009":"o","1010":"=","1011":"\\","1012":"\"","1013":"/","1014":"c","1015":"a","1016":"t","1017":"e","1018":"g","1019":"o","1020":"r","1021":"i","1022":"e","1023":"s","1024":"\\","1025":"\"","1026":"\\","1027":"n","1028":" ","1029":" ","1030":" ","1031":" ","1032":" ","1033":" ","1034":" ","1035":" ","1036":">","1037":"C","1038":"a","1039":"t","1040":"e","1041":"g","1042":"o","1043":"r","1044":"i","1045":"e","1046":"s","1047":"<","1048":"/","1049":"r","1050":"o","1051":"u","1052":"t","1053":"e","1054":"r","1055":"-","1056":"l","1057":"i","1058":"n","1059":"k","1060":"\\","1061":"n","1062":" ","1063":" ","1064":" ","1065":" ","1066":" ","1067":" ","1068":">","1069":"\\","1070":"n","1071":" ","1072":" ","1073":" ","1074":" ","1075":" ","1076":" ","1077":"|","1078":"\\","1079":"n","1080":" ","1081":" ","1082":" ","1083":" ","1084":" ","1085":" ","1086":"<","1087":"r","1088":"o","1089":"u","1090":"t","1091":"e","1092":"r","1093":"-","1094":"l","1095":"i","1096":"n","1097":"k","1098":" ","1099":"v","1100":"-","1101":"i","1102":"f","1103":"=","1104":"\\","1105":"\"","1106":"i","1107":"s","1108":"A","1109":"u","1110":"t","1111":"h","1112":"e","1113":"n","1114":"t","1115":"i","1116":"c","1117":"a","1118":"t","1119":"e","1120":"d","1121":"\\","1122":"\"","1123":" ","1124":"t","1125":"o","1126":"=","1127":"\\","1128":"\"","1129":"/","1130":"t","1131":"r","1132":"a","1133":"n","1134":"s","1135":"a","1136":"c","1137":"t","1138":"i","1139":"o","1140":"n","1141":"s","1142":"\\","1143":"\"","1144":"\\","1145":"n","1146":" ","1147":" ","1148":" ","1149":" ","1150":" ","1151":" ","1152":" ","1153":" ","1154":">","1155":"T","1156":"r","1157":"a","1158":"n","1159":"s","1160":"a","1161":"c","1162":"t","1163":"i","1164":"o","1165":"n","1166":"s","1167":"<","1168":"/","1169":"r","1170":"o","1171":"u","1172":"t","1173":"e","1174":"r","1175":"-","1176":"l","1177":"i","1178":"n","1179":"k","1180":"\\","1181":"n","1182":" ","1183":" ","1184":" ","1185":" ","1186":" ","1187":" ","1188":">","1189":"\\","1190":"n","1191":" ","1192":" ","1193":" ","1194":" ","1195":" ","1196":" ","1197":"|","1198":"\\","1199":"n","1200":" ","1201":" ","1202":" ","1203":" ","1204":" ","1205":" ","1206":"<","1207":"r","1208":"o","1209":"u","1210":"t","1211":"e","1212":"r","1213":"-","1214":"l","1215":"i","1216":"n","1217":"k","1218":" ","1219":"v","1220":"-","1221":"i","1222":"f","1223":"=","1224":"\\","1225":"\"","1226":"i","1227":"s","1228":"A","1229":"u","1230":"t","1231":"h","1232":"e","1233":"n","1234":"t","1235":"i","1236":"c","1237":"a","1238":"t","1239":"e","1240":"d","1241":"\\","1242":"\"","1243":" ","1244":"t","1245":"o","1246":"=","1247":"\\","1248":"\"","1249":"/","1250":"r","1251":"e","1252":"p","1253":"o","1254":"r","1255":"t","1256":"s","1257":"\\","1258":"\"","1259":">","1260":"R","1261":"e","1262":"p","1263":"o","1264":"r","1265":"t","1266":"s","1267":"<","1268":"/","1269":"r","1270":"o","1271":"u","1272":"t","1273":"e","1274":"r","1275":"-","1276":"l","1277":"i","1278":"n","1279":"k","1280":">","1281":"\\","1282":"n","1283":" ","1284":" ","1285":" ","1286":" ","1287":" ","1288":" ","1289":"<","1290":"a","1291":" ","1292":"v","1293":"-","1294":"i","1295":"f","1296":"=","1297":"\\","1298":"\"","1299":"i","1300":"s","1301":"A","1302":"u","1303":"t","1304":"h","1305":"e","1306":"n","1307":"t","1308":"i","1309":"c","1310":"a","1311":"t","1312":"e","1313":"d","1314":"\\","1315":"\"","1316":" ","1317":"c","1318":"l","1319":"a","1320":"s","1321":"s","1322":"=","1323":"\\","1324":"\"","1325":"l","1326":"o","1327":"g","1328":"o","1329":"u","1330":"t","1331":"-","1332":"l","1333":"i","1334":"n","1335":"k","1336":"\\","1337":"\"","1338":" ","1339":"@","1340":"c","1341":"l","1342":"i","1343":"c","1344":"k","1345":"=","1346":"\\","1347":"\"","1348":"h","1349":"a","1350":"n","1351":"d","1352":"l","1353":"e","1354":"L","1355":"o","1356":"g","1357":"o","1358":"u","1359":"t","1360":"\\","1361":"\"","1362":"\\","1363":"n","1364":" ","1365":" ","1366":" ","1367":" ","1368":" ","1369":" ","1370":" ","1371":" ","1372":">","1373":"L","1374":"o","1375":"g","1376":"o","1377":"u","1378":"t","1379":"<","1380":"/","1381":"a","1382":"\\","1383":"n","1384":" ","1385":" ","1386":" ","1387":" ","1388":" ","1389":" ","1390":">","1391":"\\","1392":"n","1393":" ","1394":" ","1395":" ","1396":" ","1397":"<","1398":"/","1399":"n","1400":"a","1401":"v","1402":">","1403":"\\","1404":"n","1405":" ","1406":" ","1407":" ","1408":" ","1409":"<","1410":"r","1411":"o","1412":"u","1413":"t","1414":"e","1415":"r","1416":"-","1417":"v","1418":"i","1419":"e","1420":"w","1421":" ","1422":"/","1423":">","1424":"\\","1425":"n","1426":" ","1427":" ","1428":"<","1429":"/","1430":"d","1431":"i","1432":"v","1433":">","1434":"\\","1435":"n","1436":"<","1437":"/","1438":"t","1439":"e","1440":"m","1441":"p","1442":"l","1443":"a","1444":"t","1445":"e","1446":">","1447":"\\","1448":"n","1449":"\\","1450":"n","1451":"<","1452":"s","1453":"c","1454":"r","1455":"i","1456":"p","1457":"t","1458":">","1459":"\\","1460":"n","1461":" ","1462":" ","1463":"i","1464":"m","1465":"p","1466":"o","1467":"r","1468":"t","1469":" ","1470":"{","1471":" ","1472":"m","1473":"a","1474":"p","1475":"G","1476":"e","1477":"t","1478":"t","1479":"e","1480":"r","1481":"s","1482":",","1483":" ","1484":"m","1485":"a","1486":"p","1487":"A","1488":"c","1489":"t","1490":"i","1491":"o","1492":"n","1493":"s","1494":" ","1495":"}","1496":" ","1497":"f","1498":"r","1499":"o","1500":"m","1501":" ","1502":"\\","1503":"\"","1504":"v","1505":"u","1506":"e","1507":"x","1508":"\\","1509":"\"","1510":";","1511":" ","1512":"/","1513":"/","1514":" ","1515":"2","1516":"칸","1517":" ","1518":"들","1519":"여","1520":"쓰","1521":"기","1522":",","1523":" ","1524":"큰","1525":"따","1526":"옴","1527":"표","1528":"\\","1529":"n","1530":"\\","1531":"n","1532":" ","1533":" ","1534":"e","1535":"x","1536":"p","1537":"o","1538":"r","1539":"t","1540":" ","1541":"d","1542":"e","1543":"f","1544":"a","1545":"u","1546":"l","1547":"t","1548":" ","1549":"{","1550":"\\","1551":"n","1552":" ","1553":" ","1554":" ","1555":" ","1556":"n","1557":"a","1558":"m","1559":"e","1560":":","1561":" ","1562":"\\","1563":"\"","1564":"A","1565":"p","1566":"p","1567":"\\","1568":"\"","1569":",","1570":" ","1571":"/","1572":"/","1573":" ","1574":"2","1575":"칸","1576":" ","1577":"들","1578":"여","1579":"쓰","1580":"기","1581":",","1582":" ","1583":"큰","1584":"따","1585":"옴","1586":"표","1587":"\\","1588":"n","1589":" ","1590":" ","1591":" ","1592":" ","1593":"c","1594":"o","1595":"m","1596":"p","1597":"u","1598":"t","1599":"e","1600":"d","1601":":","1602":" ","1603":"{","1604":"\\","1605":"n","1606":" ","1607":" ","1608":" ","1609":" ","1610":" ","1611":" ","1612":".","1613":".","1614":".","1615":"m","1616":"a","1617":"p","1618":"G","1619":"e","1620":"t","1621":"t","1622":"e","1623":"r","1624":"s","1625":"(","1626":"\\","1627":"\"","1628":"a","1629":"u","1630":"t","1631":"h","1632":"\\","1633":"\"","1634":",","1635":" ","1636":"[","1637":"\\","1638":"\"","1639":"i","1640":"s","1641":"A","1642":"u","1643":"t","1644":"h","1645":"e","1646":"n","1647":"t","1648":"i","1649":"c","1650":"a","1651":"t","1652":"e","1653":"d","1654":"\\","1655":"\"","1656":",","1657":" ","1658":"\\","1659":"\"","1660":"c","1661":"u","1662":"r","1663":"r","1664":"e","1665":"n","1666":"t","1667":"U","1668":"s","1669":"e","1670":"r","1671":"\\","1672":"\"","1673":"]","1674":")","1675":",","1676":" ","1677":"/","1678":"/","1679":" ","1680":"4","1681":"칸","1682":" ","1683":"들","1684":"여","1685":"쓰","1686":"기","1687":",","1688":" ","1689":"큰","1690":"따","1691":"옴","1692":"표","1693":"\\","1694":"n","1695":" ","1696":" ","1697":" ","1698":" ","1699":"}","1700":",","1701":"\\","1702":"n","1703":" ","1704":" ","1705":" ","1706":" ","1707":"m","1708":"e","1709":"t","1710":"h","1711":"o","1712":"d","1713":"s","1714":":","1715":" ","1716":"{","1717":"\\","1718":"n","1719":" ","1720":" ","1721":" ","1722":" ","1723":" ","1724":" ","1725":".","1726":".","1727":".","1728":"m","1729":"a","1730":"p","1731":"A","1732":"c","1733":"t","1734":"i","1735":"o","1736":"n","1737":"s","1738":"(","1739":"\\","1740":"\"","1741":"a","1742":"u","1743":"t","1744":"h","1745":"\\","1746":"\"","1747":",","1748":" ","1749":"[","1750":"\\","1751":"\"","1752":"l","1753":"o","1754":"g","1755":"o","1756":"u","1757":"t","1758":"\\","1759":"\"","1760":"]","1761":")","1762":",","1763":" ","1764":"/","1765":"/","1766":" ","1767":"4","1768":"칸","1769":" ","1770":"들","1771":"여","1772":"쓰","1773":"기","1774":",","1775":" ","1776":"큰","1777":"따","1778":"옴","1779":"표","1780":"\\","1781":"n","1782":" ","1783":" ","1784":" ","1785":" ","1786":" ","1787":" ","1788":"a","1789":"s","1790":"y","1791":"n","1792":"c","1793":" ","1794":"h","1795":"a","1796":"n","1797":"d","1798":"l","1799":"e","1800":"L","1801":"o","1802":"g","1803":"o","1804":"u","1805":"t","1806":"(","1807":")","1808":" ","1809":"{","1810":"\\","1811":"n","1812":" ","1813":" ","1814":" ","1815":" ","1816":" ","1817":" ","1818":" ","1819":" ","1820":"a","1821":"w","1822":"a","1823":"i","1824":"t","1825":" ","1826":"t","1827":"h","1828":"i","1829":"s","1830":".","1831":"l","1832":"o","1833":"g","1834":"o","1835":"u","1836":"t","1837":"(","1838":")","1839":";","1840":"\\","1841":"n","1842":" ","1843":" ","1844":" ","1845":" ","1846":" ","1847":" ","1848":" ","1849":" ","1850":"t","1851":"h","1852":"i","1853":"s","1854":".","1855":"$","1856":"r","1857":"o","1858":"u","1859":"t","1860":"e","1861":"r","1862":".","1863":"p","1864":"u","1865":"s","1866":"h","1867":"(","1868":"\\","1869":"\"","1870":"/","1871":"\\","1872":"\"","1873":")","1874":";","1875":" ","1876":"/","1877":"/","1878":" ","1879":"6","1880":"칸","1881":" ","1882":"들","1883":"여","1884":"쓰","1885":"기","1886":",","1887":" ","1888":"큰","1889":"따","1890":"옴","1891":"표","1892":"\\","1893":"n","1894":" ","1895":" ","1896":" ","1897":" ","1898":" ","1899":" ","1900":"}","1901":",","1902":"\\","1903":"n","1904":" ","1905":" ","1906":" ","1907":" ","1908":"}","1909":",","1910":" ","1911":"/","1912":"/","1913":" ","1914":"세","1915":"미","1916":"콜","1917":"론","1918":" ","1919":"추","1920":"가","1921":"\\","1922":"n","1923":" ","1924":" ","1925":"}","1926":";","1927":"\\","1928":"n","1929":"<","1930":"/","1931":"s","1932":"c","1933":"r","1934":"i","1935":"p","1936":"t","1937":">","1938":"\\","1939":"n","1940":"\\","1941":"n","1942":"<","1943":"s","1944":"t","1945":"y","1946":"l","1947":"e","1948":">","1949":"\\","1950":"n","1951":" ","1952":" ","1953":"#","1954":"a","1955":"p","1956":"p","1957":" ","1958":"{","1959":"\\","1960":"n","1961":" ","1962":" ","1963":" ","1964":" ","1965":"f","1966":"o","1967":"n","1968":"t","1969":"-","1970":"f","1971":"a","1972":"m","1973":"i","1974":"l","1975":"y","1976":":","1977":" ","1978":"A","1979":"v","1980":"e","1981":"n","1982":"i","1983":"r","1984":",","1985":" ","1986":"H","1987":"e","1988":"l","1989":"v","1990":"e","1991":"t","1992":"i","1993":"c","1994":"a","1995":",","1996":" ","1997":"A","1998":"r","1999":"i","2000":"a","2001":"l","2002":",","2003":" ","2004":"s","2005":"a","2006":"n","2007":"s","2008":"-","2009":"s","2010":"e","2011":"r","2012":"i","2013":"f","2014":";","2015":"\\","2016":"n","2017":" ","2018":" ","2019":" ","2020":" ","2021":"-","2022":"w","2023":"e","2024":"b","2025":"k","2026":"i","2027":"t","2028":"-","2029":"f","2030":"o","2031":"n","2032":"t","2033":"-","2034":"s","2035":"m","2036":"o","2037":"o","2038":"t","2039":"h","2040":"i","2041":"n","2042":"g","2043":":","2044":" ","2045":"a","2046":"n","2047":"t","2048":"i","2049":"a","2050":"l","2051":"i","2052":"a","2053":"s","2054":"e","2055":"d","2056":";","2057":"\\","2058":"n","2059":" ","2060":" ","2061":" ","2062":" ","2063":"-","2064":"m","2065":"o","2066":"z","2067":"-","2068":"o","2069":"s","2070":"x","2071":"-","2072":"f","2073":"o","2074":"n","2075":"t","2076":"-","2077":"s","2078":"m","2079":"o","2080":"o","2081":"t","2082":"h","2083":"i","2084":"n","2085":"g","2086":":","2087":" ","2088":"g","2089":"r","2090":"a","2091":"y","2092":"s","2093":"c","2094":"a","2095":"l","2096":"e","2097":";","2098":"\\","2099":"n","2100":" ","2101":" ","2102":" ","2103":" ","2104":"t","2105":"e","2106":"x","2107":"t","2108":"-","2109":"a","2110":"l","2111":"i","2112":"g","2113":"n","2114":":","2115":" ","2116":"c","2117":"e","2118":"n","2119":"t","2120":"e","2121":"r","2122":";","2123":"\\","2124":"n","2125":" ","2126":" ","2127":" ","2128":" ","2129":"c","2130":"o","2131":"l","2132":"o","2133":"r","2134":":","2135":" ","2136":"#","2137":"2","2138":"c","2139":"3","2140":"e","2141":"5","2142":"0","2143":";","2144":"\\","2145":"n","2146":" ","2147":" ","2148":"}","2149":"\\","2150":"n","2151":"\\","2152":"n","2153":" ","2154":" ","2155":"n","2156":"a","2157":"v","2158":" ","2159":"{","2160":"\\","2161":"n","2162":" ","2163":" ","2164":" ","2165":" ","2166":"p","2167":"a","2168":"d","2169":"d","2170":"i","2171":"n","2172":"g","2173":":","2174":" ","2175":"3","2176":"0","2177":"p","2178":"x","2179":";","2180":"\\","2181":"n","2182":" ","2183":" ","2184":" ","2185":" ","2186":"b","2187":"a","2188":"c","2189":"k","2190":"g","2191":"r","2192":"o","2193":"u","2194":"n","2195":"d","2196":"-","2197":"c","2198":"o","2199":"l","2200":"o","2201":"r","2202":":","2203":" ","2204":"#","2205":"f","2206":"8","2207":"f","2208":"8","2209":"f","2210":"8","2211":";","2212":"\\","2213":"n","2214":" ","2215":" ","2216":" ","2217":" ","2218":"b","2219":"o","2220":"r","2221":"d","2222":"e","2223":"r","2224":"-","2225":"b","2226":"o","2227":"t","2228":"t","2229":"o","2230":"m","2231":":","2232":" ","2233":"1","2234":"p","2235":"x","2236":" ","2237":"s","2238":"o","2239":"l","2240":"i","2241":"d","2242":" ","2243":"#","2244":"e","2245":"e","2246":"e","2247":";","2248":"\\","2249":"n","2250":" ","2251":" ","2252":"}","2253":"\\","2254":"n","2255":"\\","2256":"n","2257":" ","2258":" ","2259":"n","2260":"a","2261":"v","2262":" ","2263":"a","2264":" ","2265":"{","2266":"\\","2267":"n","2268":" ","2269":" ","2270":" ","2271":" ","2272":"f","2273":"o","2274":"n","2275":"t","2276":"-","2277":"w","2278":"e","2279":"i","2280":"g","2281":"h","2282":"t","2283":":","2284":" ","2285":"b","2286":"o","2287":"l","2288":"d","2289":";","2290":"\\","2291":"n","2292":" ","2293":" ","2294":" ","2295":" ","2296":"c","2297":"o","2298":"l","2299":"o","2300":"r","2301":":","2302":" ","2303":"#","2304":"2","2305":"c","2306":"3","2307":"e","2308":"5","2309":"0","2310":";","2311":"\\","2312":"n","2313":" ","2314":" ","2315":" ","2316":" ","2317":"t","2318":"e","2319":"x","2320":"t","2321":"-","2322":"d","2323":"e","2324":"c","2325":"o","2326":"r","2327":"a","2328":"t","2329":"i","2330":"o","2331":"n","2332":":","2333":" ","2334":"n","2335":"o","2336":"n","2337":"e","2338":";","2339":"\\","2340":"n","2341":" ","2342":" ","2343":" ","2344":" ","2345":"p","2346":"a","2347":"d","2348":"d","2349":"i","2350":"n","2351":"g","2352":":","2353":" ","2354":"0","2355":" ","2356":"1","2357":"0","2358":"p","2359":"x","2360":";","2361":"\\","2362":"n","2363":" ","2364":" ","2365":"}","2366":"\\","2367":"n","2368":"\\","2369":"n","2370":" ","2371":" ","2372":"n","2373":"a","2374":"v","2375":" ","2376":"a","2377":".","2378":"r","2379":"o","2380":"u","2381":"t","2382":"e","2383":"r","2384":"-","2385":"l","2386":"i","2387":"n","2388":"k","2389":"-","2390":"e","2391":"x","2392":"a","2393":"c","2394":"t","2395":"-","2396":"a","2397":"c","2398":"t","2399":"i","2400":"v","2401":"e","2402":" ","2403":"{","2404":"\\","2405":"n","2406":" ","2407":" ","2408":" ","2409":" ","2410":"c","2411":"o","2412":"l","2413":"o","2414":"r","2415":":","2416":" ","2417":"#","2418":"4","2419":"2","2420":"b","2421":"9","2422":"8","2423":"3","2424":";","2425":"\\","2426":"n","2427":" ","2428":" ","2429":"}","2430":"\\","2431":"n","2432":"\\","2433":"n","2434":" ","2435":" ","2436":".","2437":"l","2438":"o","2439":"g","2440":"o","2441":"u","2442":"t","2443":"-","2444":"l","2445":"i","2446":"n","2447":"k","2448":" ","2449":"{","2450":"\\","2451":"n","2452":" ","2453":" ","2454":" ","2455":" ","2456":"c","2457":"u","2458":"r","2459":"s","2460":"o","2461":"r","2462":":","2463":" ","2464":"p","2465":"o","2466":"i","2467":"n","2468":"t","2469":"e","2470":"r","2471":";","2472":"\\","2473":"n","2474":" ","2475":" ","2476":" ","2477":" ","2478":"c","2479":"o","2480":"l","2481":"o","2482":"r","2483":":","2484":" ","2485":"#","2486":"d","2487":"c","2488":"3","2489":"5","2490":"4","2491":"5","2492":";","2493":"\\","2494":"n","2495":" ","2496":" ","2497":" ","2498":" ","2499":"m","2500":"a","2501":"r","2502":"g","2503":"i","2504":"n","2505":"-","2506":"l","2507":"e","2508":"f","2509":"t","2510":":","2511":" ","2512":"1","2513":"0","2514":"p","2515":"x","2516":";","2517":"\\","2518":"n","2519":" ","2520":" ","2521":" ","2522":" ","2523":"f","2524":"o","2525":"n","2526":"t","2527":"-","2528":"w","2529":"e","2530":"i","2531":"g","2532":"h","2533":"t","2534":":","2535":" ","2536":"b","2537":"o","2538":"l","2539":"d","2540":";","2541":"\\","2542":"n","2543":" ","2544":" ","2545":"}","2546":"\\","2547":"n","2548":"\\","2549":"n","2550":" ","2551":" ","2552":".","2553":"l","2554":"o","2555":"g","2556":"o","2557":"u","2558":"t","2559":"-","2560":"l","2561":"i","2562":"n","2563":"k","2564":":","2565":"h","2566":"o","2567":"v","2568":"e","2569":"r","2570":" ","2571":"{","2572":"\\","2573":"n","2574":" ","2575":" ","2576":" ","2577":" ","2578":"t","2579":"e","2580":"x","2581":"t","2582":"-","2583":"d","2584":"e","2585":"c","2586":"o","2587":"r","2588":"a","2589":"t","2590":"i","2591":"o","2592":"n","2593":":","2594":" ","2595":"u","2596":"n","2597":"d","2598":"e","2599":"r","2600":"l","2601":"i","2602":"n","2603":"e","2604":";","2605":"\\","2606":"n","2607":" ","2608":" ","2609":"}","2610":"\\","2611":"n","2612":"<","2613":"/","2614":"s","2615":"t","2616":"y","2617":"l","2618":"e","2619":">","2620":"\\","2621":"n","2622":"\"","2623":"]","2624":"}"}}
,"C:\\Users\\ellin\\Desktop\\Project\\MyAccountBook\\client\\src\\components\\HelloWorld.vue": {"path":"C:\\Users\\ellin\\Desktop\\Project\\MyAccountBook\\client\\src\\components\\HelloWorld.vue","statementMap":{"0":{"start":{"line":4,"column":0},"end":{"line":6,"column":3}},"1":{"start":{"line":7,"column":0},"end":{"line":7,"column":25}},"2":{"start":{"line":8,"column":15},"end":{"line":19,"column":1}}},"fnMap":{},"branchMap":{},"s":{"0":0,"1":0,"2":0},"f":{},"b":{},"inputSourceMap":{"0":"{","1":"\"","2":"v","3":"e","4":"r","5":"s","6":"i","7":"o","8":"n","9":"\"","10":":","11":"3","12":",","13":"\"","14":"s","15":"o","16":"u","17":"r","18":"c","19":"e","20":"s","21":"\"","22":":","23":"[","24":"\"","25":"C","26":":","27":"\\","28":"\\","29":"U","30":"s","31":"e","32":"r","33":"s","34":"\\","35":"\\","36":"e","37":"l","38":"l","39":"i","40":"n","41":"\\","42":"\\","43":"D","44":"e","45":"s","46":"k","47":"t","48":"o","49":"p","50":"\\","51":"\\","52":"P","53":"r","54":"o","55":"j","56":"e","57":"c","58":"t","59":"\\","60":"\\","61":"M","62":"y","63":"A","64":"c","65":"c","66":"o","67":"u","68":"n","69":"t","70":"B","71":"o","72":"o","73":"k","74":"\\","75":"\\","76":"c","77":"l","78":"i","79":"e","80":"n","81":"t","82":"\\","83":"\\","84":"s","85":"r","86":"c","87":"\\","88":"\\","89":"c","90":"o","91":"m","92":"p","93":"o","94":"n","95":"e","96":"n","97":"t","98":"s","99":"\\","100":"\\","101":"H","102":"e","103":"l","104":"l","105":"o","106":"W","107":"o","108":"r","109":"l","110":"d","111":".","112":"v","113":"u","114":"e","115":"\"","116":"]","117":",","118":"\"","119":"n","120":"a","121":"m","122":"e","123":"s","124":"\"","125":":","126":"[","127":"]","128":",","129":"\"","130":"m","131":"a","132":"p","133":"p","134":"i","135":"n","136":"g","137":"s","138":"\"","139":":","140":"\"","141":";","142":";","143":";","144":";","145":";","146":";","147":";","148":"i","149":"C","150":"A","151":"E","152":"i","153":"B","154":";","155":"E","156":"A","157":"C","158":"b","159":",","160":"K","161":"A","162":"A","163":"K","164":",","165":"E","166":"A","167":"A","168":"E","169":";","170":"I","171":"A","172":"C","173":"L","174":",","175":"G","176":"A","177":"A","178":"G","179":",","180":"E","181":"A","182":"A","183":"E","184":";","185":"M","186":"A","187":"C","188":"H","189":",","190":"I","191":"A","192":"A","193":"I","194":",","195":"E","196":"A","197":"A","198":"E","199":",","200":"M","201":"A","202":"A","203":"M","204":";","205":"M","206":"A","207":"C","208":"Z","209":",","210":"O","211":"A","212":"A","213":"O","214":",","215":"E","216":"A","217":"A","218":"E","219":",","220":"4","221":"B","222":"A","223":"A","224":"4","225":"B","226":",","227":"C","228":"A","229":"A","230":"E","231":";","232":"I","233":"A","234":"C","235":"z","236":"C","237":";","238":"I","239":"A","240":"C","241":"A","242":";","243":"I","244":"A","245":"C","246":"A","247":";","248":"I","249":"A","250":"C","251":"A","252":";","253":"I","254":"A","255":"C","256":"A","257":";","258":"E","259":"A","260":"C","261":"F","262":";","263":"A","264":"A","265":"C","266":"F","267":",","268":"C","269":"A","270":"A","271":"C","272":"\"","273":",","274":"\"","275":"f","276":"i","277":"l","278":"e","279":"\"","280":":","281":"\"","282":"C","283":":","284":"\\","285":"\\","286":"U","287":"s","288":"e","289":"r","290":"s","291":"\\","292":"\\","293":"e","294":"l","295":"l","296":"i","297":"n","298":"\\","299":"\\","300":"D","301":"e","302":"s","303":"k","304":"t","305":"o","306":"p","307":"\\","308":"\\","309":"P","310":"r","311":"o","312":"j","313":"e","314":"c","315":"t","316":"\\","317":"\\","318":"M","319":"y","320":"A","321":"c","322":"c","323":"o","324":"u","325":"n","326":"t","327":"B","328":"o","329":"o","330":"k","331":"\\","332":"\\","333":"c","334":"l","335":"i","336":"e","337":"n","338":"t","339":"\\","340":"\\","341":"s","342":"r","343":"c","344":"\\","345":"\\","346":"c","347":"o","348":"m","349":"p","350":"o","351":"n","352":"e","353":"n","354":"t","355":"s","356":"\\","357":"\\","358":"H","359":"e","360":"l","361":"l","362":"o","363":"W","364":"o","365":"r","366":"l","367":"d","368":".","369":"v","370":"u","371":"e","372":"\"","373":",","374":"\"","375":"s","376":"o","377":"u","378":"r","379":"c","380":"e","381":"s","382":"C","383":"o","384":"n","385":"t","386":"e","387":"n","388":"t","389":"\"","390":":","391":"[","392":"\"","393":"/","394":"/","395":" ","396":"s","397":"r","398":"c","399":"/","400":"c","401":"o","402":"m","403":"p","404":"o","405":"n","406":"e","407":"n","408":"t","409":"s","410":"/","411":"H","412":"e","413":"l","414":"l","415":"o","416":"W","417":"o","418":"r","419":"l","420":"d","421":".","422":"v","423":"u","424":"e","425":"\\","426":"n","427":"<","428":"s","429":"c","430":"r","431":"i","432":"p","433":"t","434":">","435":"\\","436":"n","437":" ","438":" ","439":"e","440":"x","441":"p","442":"o","443":"r","444":"t","445":" ","446":"d","447":"e","448":"f","449":"a","450":"u","451":"l","452":"t","453":" ","454":"{","455":"\\","456":"n","457":" ","458":" ","459":" ","460":" ","461":"p","462":"r","463":"o","464":"p","465":"s","466":":","467":" ","468":"{","469":"\\","470":"n","471":" ","472":" ","473":" ","474":" ","475":" ","476":" ","477":"m","478":"s","479":"g","480":":","481":" ","482":"{","483":"\\","484":"n","485":" ","486":" ","487":" ","488":" ","489":" ","490":" ","491":" ","492":" ","493":"t","494":"y","495":"p","496":"e","497":":","498":" ","499":"S","500":"t","501":"r","502":"i","503":"n","504":"g","505":",","506":"\\","507":"n","508":" ","509":" ","510":" ","511":" ","512":" ","513":" ","514":" ","515":" ","516":"d","517":"e","518":"f","519":"a","520":"u","521":"l","522":"t","523":":","524":" ","525":"\\","526":"\"","527":"W","528":"e","529":"l","530":"c","531":"o","532":"m","533":"e","534":" ","535":"t","536":"o","537":" ","538":"Y","539":"o","540":"u","541":"r","542":" ","543":"V","544":"u","545":"e","546":".","547":"j","548":"s","549":" ","550":"A","551":"p","552":"p","553":"\\","554":"\"","555":",","556":" ","557":"/","558":"/","559":" ","560":"Y","561":"o","562":"u","563":" ","564":"c","565":"a","566":"n","567":" ","568":"s","569":"e","570":"t","571":" ","572":"a","573":"n","574":"y","575":" ","576":"d","577":"e","578":"f","579":"a","580":"u","581":"l","582":"t","583":" ","584":"s","585":"t","586":"r","587":"i","588":"n","589":"g","590":" ","591":"h","592":"e","593":"r","594":"e","595":"\\","596":"n","597":" ","598":" ","599":" ","600":" ","601":" ","602":" ","603":"}","604":",","605":"\\","606":"n","607":" ","608":" ","609":" ","610":" ","611":" ","612":" ","613":"/","614":"/","615":" ","616":"I","617":"f","618":" ","619":"i","620":"t","621":" ","622":"w","623":"a","624":"s","625":" ","626":"a","627":"l","628":"r","629":"e","630":"a","631":"d","632":"y","633":" ","634":"{","635":" ","636":"t","637":"y","638":"p","639":"e","640":":","641":" ","642":"S","643":"t","644":"r","645":"i","646":"n","647":"g","648":",","649":" ","650":"r","651":"e","652":"q","653":"u","654":"i","655":"r","656":"e","657":"d","658":":","659":" ","660":"t","661":"r","662":"u","663":"e","664":" ","665":"}","666":",","667":" ","668":"t","669":"h","670":"e","671":"n","672":" ","673":"y","674":"o","675":"u","676":" ","677":"m","678":"i","679":"g","680":"h","681":"t","682":" ","683":"r","684":"e","685":"m","686":"o","687":"v","688":"e","689":" ","690":"`","691":"r","692":"e","693":"q","694":"u","695":"i","696":"r","697":"e","698":"d","699":":","700":" ","701":"t","702":"r","703":"u","704":"e","705":"`","706":"\\","707":"n","708":" ","709":" ","710":" ","711":" ","712":" ","713":" ","714":"/","715":"/","716":" ","717":"o","718":"r","719":" ","720":"k","721":"e","722":"e","723":"p","724":" ","725":"i","726":"t","727":" ","728":"i","729":"f","730":" ","731":"'","732":"m","733":"s","734":"g","735":"'","736":" ","737":"m","738":"u","739":"s","740":"t","741":" ","742":"a","743":"l","744":"w","745":"a","746":"y","747":"s","748":" ","749":"b","750":"e","751":" ","752":"p","753":"r","754":"o","755":"v","756":"i","757":"d","758":"e","759":"d","760":" ","761":"b","762":"y","763":" ","764":"t","765":"h","766":"e","767":" ","768":"p","769":"a","770":"r","771":"e","772":"n","773":"t","774":".","775":"\\","776":"n","777":" ","778":" ","779":" ","780":" ","781":" ","782":" ","783":"/","784":"/","785":" ","786":"I","787":"f","788":" ","789":"i","790":"t","791":" ","792":"m","793":"u","794":"s","795":"t","796":" ","797":"a","798":"l","799":"w","800":"a","801":"y","802":"s","803":" ","804":"b","805":"e","806":" ","807":"p","808":"r","809":"o","810":"v","811":"i","812":"d","813":"e","814":"d","815":",","816":" ","817":"t","818":"h","819":"e","820":"n","821":" ","822":"t","823":"h","824":"i","825":"s","826":" ","827":"w","828":"a","829":"r","830":"n","831":"i","832":"n","833":"g","834":" ","835":"i","836":"s","837":" ","838":"i","839":"n","840":"c","841":"o","842":"r","843":"r","844":"e","845":"c","846":"t","847":" ","848":"a","849":"n","850":"d","851":" ","852":"c","853":"a","854":"n","855":" ","856":"b","857":"e","858":" ","859":"d","860":"i","861":"s","862":"a","863":"b","864":"l","865":"e","866":"d","867":" ","868":"f","869":"o","870":"r","871":" ","872":"t","873":"h","874":"a","875":"t","876":" ","877":"l","878":"i","879":"n","880":"e","881":".","882":"\\","883":"n","884":" ","885":" ","886":" ","887":" ","888":" ","889":" ","890":"/","891":"/","892":" ","893":"B","894":"u","895":"t","896":" ","897":"t","898":"y","899":"p","900":"i","901":"c","902":"a","903":"l","904":"l","905":"y","906":",","907":" ","908":"V","909":"u","910":"e","911":" ","912":"s","913":"u","914":"g","915":"g","916":"e","917":"s","918":"t","919":"s","920":" ","921":"p","922":"r","923":"o","924":"v","925":"i","926":"d","927":"i","928":"n","929":"g","930":" ","931":"a","932":" ","933":"d","934":"e","935":"f","936":"a","937":"u","938":"l","939":"t","940":" ","941":"i","942":"f","943":" ","944":"n","945":"o","946":"t","947":" ","948":"r","949":"e","950":"q","951":"u","952":"i","953":"r","954":"e","955":"d","956":".","957":"\\","958":"n","959":" ","960":" ","961":" ","962":" ","963":"}","964":",","965":"\\","966":"n","967":" ","968":" ","969":"}","970":";","971":"\\","972":"n","973":"<","974":"/","975":"s","976":"c","977":"r","978":"i","979":"p","980":"t","981":">","982":"\\","983":"n","984":"\"","985":"]","986":"}"}}
,"C:\\Users\\ellin\\Desktop\\Project\\MyAccountBook\\client\\src\\services\\authService.js": {"path":"C:\\Users\\ellin\\Desktop\\Project\\MyAccountBook\\client\\src\\services\\authService.js","statementMap":{"0":{"start":{"line":6,"column":12},"end":{"line":8,"column":2}},"1":{"start":{"line":10,"column":20},"end":{"line":61,"column":1}},"2":{"start":{"line":18,"column":21},"end":{"line":18,"column":58}},"3":{"start":{"line":19,"column":28},"end":{"line":19,"column":41}},"4":{"start":{"line":21,"column":4},"end":{"line":21,"column":36}},"5":{"start":{"line":22,"column":4},"end":{"line":22,"column":27}},"6":{"start":{"line":31,"column":21},"end":{"line":31,"column":61}},"7":{"start":{"line":32,"column":4},"end":{"line":32,"column":25}},"8":{"start":{"line":44,"column":4},"end":{"line":44,"column":35}},"9":{"start":{"line":45,"column":4},"end":{"line":45,"column":50}},"10":{"start":{"line":55,"column":4},"end":{"line":59,"column":5}},"11":{"start":{"line":56,"column":6},"end":{"line":56,"column":60}},"12":{"start":{"line":58,"column":6},"end":{"line":58,"column":59}}},"fnMap":{"0":{"name":"(anonymous_0)","decl":{"start":{"line":17,"column":2},"end":{"line":17,"column":3}},"loc":{"start":{"line":17,"column":27},"end":{"line":23,"column":3}},"line":17},"1":{"name":"(anonymous_1)","decl":{"start":{"line":30,"column":2},"end":{"line":30,"column":3}},"loc":{"start":{"line":30,"column":30},"end":{"line":33,"column":3}},"line":30},"2":{"name":"(anonymous_2)","decl":{"start":{"line":40,"column":2},"end":{"line":40,"column":3}},"loc":{"start":{"line":40,"column":17},"end":{"line":46,"column":3}},"line":40},"3":{"name":"(anonymous_3)","decl":{"start":{"line":54,"column":2},"end":{"line":54,"column":3}},"loc":{"start":{"line":54,"column":22},"end":{"line":60,"column":3}},"line":54}},"branchMap":{"0":{"loc":{"start":{"line":55,"column":4},"end":{"line":59,"column":5}},"type":"if","locations":[{"start":{"line":55,"column":4},"end":{"line":59,"column":5}},{"start":{"line":57,"column":11},"end":{"line":59,"column":5}}],"line":55}},"s":{"0":1,"1":1,"2":2,"3":1,"4":1,"5":1,"6":2,"7":1,"8":1,"9":1,"10":5,"11":2,"12":3},"f":{"0":2,"1":2,"2":1,"3":5},"b":{"0":[2,3]},"_coverageSchema":"1a1c01bbd47fc00a2c39e90264f33305004495a9","hash":"f3da49b54d189863a459881ae83785b922809e19"}
,"C:\\Users\\ellin\\Desktop\\Project\\MyAccountBook\\client\\src\\services\\categoryService.js": {"path":"C:\\Users\\ellin\\Desktop\\Project\\MyAccountBook\\client\\src\\services\\categoryService.js","statementMap":{"0":{"start":{"line":6,"column":12},"end":{"line":8,"column":2}},"1":{"start":{"line":10,"column":26},"end":{"line":54,"column":1}},"2":{"start":{"line":17,"column":21},"end":{"line":17,"column":49}},"3":{"start":{"line":18,"column":4},"end":{"line":18,"column":25}},"4":{"start":{"line":28,"column":21},"end":{"line":28,"column":64}},"5":{"start":{"line":29,"column":4},"end":{"line":29,"column":25}},"6":{"start":{"line":40,"column":21},"end":{"line":40,"column":69}},"7":{"start":{"line":41,"column":4},"end":{"line":41,"column":25}},"8":{"start":{"line":51,"column":21},"end":{"line":51,"column":58}},"9":{"start":{"line":52,"column":4},"end":{"line":52,"column":25}}},"fnMap":{"0":{"name":"(anonymous_0)","decl":{"start":{"line":16,"column":2},"end":{"line":16,"column":3}},"loc":{"start":{"line":16,"column":24},"end":{"line":19,"column":3}},"line":16},"1":{"name":"(anonymous_1)","decl":{"start":{"line":27,"column":2},"end":{"line":27,"column":3}},"loc":{"start":{"line":27,"column":34},"end":{"line":30,"column":3}},"line":27},"2":{"name":"(anonymous_2)","decl":{"start":{"line":39,"column":2},"end":{"line":39,"column":3}},"loc":{"start":{"line":39,"column":41},"end":{"line":42,"column":3}},"line":39},"3":{"name":"(anonymous_3)","decl":{"start":{"line":50,"column":2},"end":{"line":50,"column":3}},"loc":{"start":{"line":50,"column":27},"end":{"line":53,"column":3}},"line":50}},"branchMap":{},"s":{"0":1,"1":1,"2":2,"3":1,"4":2,"5":1,"6":2,"7":1,"8":2,"9":1},"f":{"0":2,"1":2,"2":2,"3":2},"b":{},"_coverageSchema":"1a1c01bbd47fc00a2c39e90264f33305004495a9","hash":"9528ceca0df4694190cd6d0b3903ed3a6ea3fd85"}
,"C:\\Users\\ellin\\Desktop\\Project\\MyAccountBook\\client\\src\\services\\transactionsService.js": {"path":"C:\\Users\\ellin\\Desktop\\Project\\MyAccountBook\\client\\src\\services\\transactionsService.js","statementMap":{"0":{"start":{"line":6,"column":12},"end":{"line":8,"column":2}},"1":{"start":{"line":10,"column":28},"end":{"line":70,"column":1}},"2":{"start":{"line":12,"column":4},"end":{"line":15,"column":6}},"3":{"start":{"line":16,"column":4},"end":{"line":20,"column":5}},"4":{"start":{"line":17,"column":6},"end":{"line":17,"column":58}},"5":{"start":{"line":19,"column":6},"end":{"line":19,"column":57}},"6":{"start":{"line":21,"column":4},"end":{"line":24,"column":6}},"7":{"start":{"line":33,"column":21},"end":{"line":33,"column":51}},"8":{"start":{"line":34,"column":4},"end":{"line":34,"column":25}},"9":{"start":{"line":44,"column":21},"end":{"line":44,"column":69}},"10":{"start":{"line":45,"column":4},"end":{"line":45,"column":25}},"11":{"start":{"line":56,"column":21},"end":{"line":56,"column":74}},"12":{"start":{"line":57,"column":4},"end":{"line":57,"column":25}},"13":{"start":{"line":67,"column":21},"end":{"line":67,"column":60}},"14":{"start":{"line":68,"column":4},"end":{"line":68,"column":25}}},"fnMap":{"0":{"name":"(anonymous_0)","decl":{"start":{"line":11,"column":2},"end":{"line":11,"column":3}},"loc":{"start":{"line":11,"column":22},"end":{"line":25,"column":3}},"line":11},"1":{"name":"(anonymous_1)","decl":{"start":{"line":32,"column":2},"end":{"line":32,"column":3}},"loc":{"start":{"line":32,"column":26},"end":{"line":35,"column":3}},"line":32},"2":{"name":"(anonymous_2)","decl":{"start":{"line":43,"column":2},"end":{"line":43,"column":3}},"loc":{"start":{"line":43,"column":40},"end":{"line":46,"column":3}},"line":43},"3":{"name":"(anonymous_3)","decl":{"start":{"line":55,"column":2},"end":{"line":55,"column":3}},"loc":{"start":{"line":55,"column":47},"end":{"line":58,"column":3}},"line":55},"4":{"name":"(anonymous_4)","decl":{"start":{"line":66,"column":2},"end":{"line":66,"column":3}},"loc":{"start":{"line":66,"column":30},"end":{"line":69,"column":3}},"line":66}},"branchMap":{"0":{"loc":{"start":{"line":16,"column":4},"end":{"line":20,"column":5}},"type":"if","locations":[{"start":{"line":16,"column":4},"end":{"line":20,"column":5}},{"start":{"line":18,"column":11},"end":{"line":20,"column":5}}],"line":16}},"s":{"0":1,"1":1,"2":2,"3":2,"4":1,"5":1,"6":2,"7":2,"8":1,"9":2,"10":1,"11":2,"12":1,"13":2,"14":1},"f":{"0":2,"1":2,"2":2,"3":2,"4":2},"b":{"0":[1,1]},"_coverageSchema":"1a1c01bbd47fc00a2c39e90264f33305004495a9","hash":"9c29e4e6b0d3c6f341b3ef797f9b97040d1fb40b"}
,"C:\\Users\\ellin\\Desktop\\Project\\MyAccountBook\\client\\src\\store\\modules\\auth.js": {"path":"C:\\Users\\ellin\\Desktop\\Project\\MyAccountBook\\client\\src\\store\\modules\\auth.js","statementMap":{"0":{"start":{"line":7,"column":2},"end":{"line":9,"column":3}},"1":{"start":{"line":8,"column":4},"end":{"line":8,"column":16}},"2":{"start":{"line":10,"column":2},"end":{"line":24,"column":3}},"3":{"start":{"line":11,"column":19},"end":{"line":11,"column":41}},"4":{"start":{"line":12,"column":4},"end":{"line":14,"column":5}},"5":{"start":{"line":13,"column":6},"end":{"line":13,"column":18}},"6":{"start":{"line":15,"column":4},"end":{"line":15,"column":18}},"7":{"start":{"line":17,"column":4},"end":{"line":22,"column":6}},"8":{"start":{"line":23,"column":4},"end":{"line":23,"column":16}},"9":{"start":{"line":27,"column":14},"end":{"line":32,"column":1}},"10":{"start":{"line":34,"column":16},"end":{"line":40,"column":1}},"11":{"start":{"line":35,"column":30},"end":{"line":35,"column":43}},"12":{"start":{"line":36,"column":25},"end":{"line":36,"column":41}},"13":{"start":{"line":37,"column":26},"end":{"line":37,"column":36}},"14":{"start":{"line":38,"column":24},"end":{"line":38,"column":35}},"15":{"start":{"line":39,"column":23},"end":{"line":39,"column":34}},"16":{"start":{"line":42,"column":16},"end":{"line":85,"column":1}},"17":{"start":{"line":45,"column":4},"end":{"line":45,"column":27}},"18":{"start":{"line":46,"column":4},"end":{"line":61,"column":5}},"19":{"start":{"line":47,"column":19},"end":{"line":47,"column":55}},"20":{"start":{"line":48,"column":6},"end":{"line":48,"column":43}},"21":{"start":{"line":49,"column":6},"end":{"line":49,"column":48}},"22":{"start":{"line":50,"column":6},"end":{"line":50,"column":62}},"23":{"start":{"line":51,"column":6},"end":{"line":51,"column":69}},"24":{"start":{"line":54,"column":8},"end":{"line":56,"column":26}},"25":{"start":{"line":57,"column":6},"end":{"line":57,"column":41}},"26":{"start":{"line":58,"column":6},"end":{"line":58,"column":39}},"27":{"start":{"line":59,"column":6},"end":{"line":59,"column":38}},"28":{"start":{"line":60,"column":6},"end":{"line":60,"column":25}},"29":{"start":{"line":65,"column":4},"end":{"line":65,"column":27}},"30":{"start":{"line":66,"column":4},"end":{"line":76,"column":5}},"31":{"start":{"line":67,"column":6},"end":{"line":67,"column":46}},"32":{"start":{"line":68,"column":6},"end":{"line":68,"column":33}},"33":{"start":{"line":71,"column":8},"end":{"line":73,"column":33}},"34":{"start":{"line":74,"column":6},"end":{"line":74,"column":41}},"35":{"start":{"line":75,"column":6},"end":{"line":75,"column":25}},"36":{"start":{"line":80,"column":4},"end":{"line":80,"column":31}},"37":{"start":{"line":81,"column":4},"end":{"line":81,"column":21}},"38":{"start":{"line":82,"column":4},"end":{"line":82,"column":37}},"39":{"start":{"line":83,"column":4},"end":{"line":83,"column":36}},"40":{"start":{"line":87,"column":18},"end":{"line":114,"column":1}},"41":{"start":{"line":89,"column":4},"end":{"line":89,"column":33}},"42":{"start":{"line":90,"column":4},"end":{"line":90,"column":23}},"43":{"start":{"line":93,"column":4},"end":{"line":93,"column":33}},"44":{"start":{"line":94,"column":4},"end":{"line":94,"column":32}},"45":{"start":{"line":95,"column":4},"end":{"line":95,"column":30}},"46":{"start":{"line":96,"column":4},"end":{"line":96,"column":23}},"47":{"start":{"line":99,"column":4},"end":{"line":99,"column":42}},"48":{"start":{"line":100,"column":4},"end":{"line":100,"column":23}},"49":{"start":{"line":103,"column":4},"end":{"line":103,"column":31}},"50":{"start":{"line":104,"column":4},"end":{"line":104,"column":23}},"51":{"start":{"line":105,"column":4},"end":{"line":105,"column":22}},"52":{"start":{"line":106,"column":4},"end":{"line":106,"column":31}},"53":{"start":{"line":109,"column":4},"end":{"line":109,"column":26}},"54":{"start":{"line":110,"column":4},"end":{"line":110,"column":23}},"55":{"start":{"line":111,"column":4},"end":{"line":111,"column":22}},"56":{"start":{"line":112,"column":4},"end":{"line":112,"column":23}}},"fnMap":{"0":{"name":"safelyParseJSON","decl":{"start":{"line":6,"column":9},"end":{"line":6,"column":24}},"loc":{"start":{"line":6,"column":37},"end":{"line":25,"column":1}},"line":6},"1":{"name":"(anonymous_1)","decl":{"start":{"line":35,"column":19},"end":{"line":35,"column":20}},"loc":{"start":{"line":35,"column":30},"end":{"line":35,"column":43}},"line":35},"2":{"name":"(anonymous_2)","decl":{"start":{"line":36,"column":14},"end":{"line":36,"column":15}},"loc":{"start":{"line":36,"column":25},"end":{"line":36,"column":41}},"line":36},"3":{"name":"(anonymous_3)","decl":{"start":{"line":37,"column":15},"end":{"line":37,"column":16}},"loc":{"start":{"line":37,"column":26},"end":{"line":37,"column":36}},"line":37},"4":{"name":"(anonymous_4)","decl":{"start":{"line":38,"column":13},"end":{"line":38,"column":14}},"loc":{"start":{"line":38,"column":24},"end":{"line":38,"column":35}},"line":38},"5":{"name":"(anonymous_5)","decl":{"start":{"line":39,"column":12},"end":{"line":39,"column":13}},"loc":{"start":{"line":39,"column":23},"end":{"line":39,"column":34}},"line":39},"6":{"name":"(anonymous_6)","decl":{"start":{"line":44,"column":2},"end":{"line":44,"column":3}},"loc":{"start":{"line":44,"column":39},"end":{"line":62,"column":3}},"line":44},"7":{"name":"(anonymous_7)","decl":{"start":{"line":64,"column":2},"end":{"line":64,"column":3}},"loc":{"start":{"line":64,"column":42},"end":{"line":77,"column":3}},"line":64},"8":{"name":"(anonymous_8)","decl":{"start":{"line":79,"column":2},"end":{"line":79,"column":3}},"loc":{"start":{"line":79,"column":27},"end":{"line":84,"column":3}},"line":79},"9":{"name":"(anonymous_9)","decl":{"start":{"line":88,"column":2},"end":{"line":88,"column":3}},"loc":{"start":{"line":88,"column":22},"end":{"line":91,"column":3}},"line":88},"10":{"name":"(anonymous_10)","decl":{"start":{"line":92,"column":2},"end":{"line":92,"column":3}},"loc":{"start":{"line":92,"column":31},"end":{"line":97,"column":3}},"line":92},"11":{"name":"(anonymous_11)","decl":{"start":{"line":98,"column":2},"end":{"line":98,"column":3}},"loc":{"start":{"line":98,"column":26},"end":{"line":101,"column":3}},"line":98},"12":{"name":"(anonymous_12)","decl":{"start":{"line":102,"column":2},"end":{"line":102,"column":3}},"loc":{"start":{"line":102,"column":34},"end":{"line":107,"column":3}},"line":102},"13":{"name":"(anonymous_13)","decl":{"start":{"line":108,"column":2},"end":{"line":108,"column":3}},"loc":{"start":{"line":108,"column":16},"end":{"line":113,"column":3}},"line":108}},"branchMap":{"0":{"loc":{"start":{"line":7,"column":2},"end":{"line":9,"column":3}},"type":"if","locations":[{"start":{"line":7,"column":2},"end":{"line":9,"column":3}},{"start":{},"end":{}}],"line":7},"1":{"loc":{"start":{"line":12,"column":4},"end":{"line":14,"column":5}},"type":"if","locations":[{"start":{"line":12,"column":4},"end":{"line":14,"column":5}},{"start":{},"end":{}}],"line":12},"2":{"loc":{"start":{"line":29,"column":9},"end":{"line":29,"column":46}},"type":"binary-expr","locations":[{"start":{"line":29,"column":9},"end":{"line":29,"column":38}},{"start":{"line":29,"column":42},"end":{"line":29,"column":46}}],"line":29},"3":{"loc":{"start":{"line":54,"column":8},"end":{"line":56,"column":26}},"type":"cond-expr","locations":[{"start":{"line":55,"column":12},"end":{"line":55,"column":39}},{"start":{"line":56,"column":12},"end":{"line":56,"column":26}}],"line":54},"4":{"loc":{"start":{"line":54,"column":8},"end":{"line":54,"column":53}},"type":"binary-expr","locations":[{"start":{"line":54,"column":8},"end":{"line":54,"column":22}},{"start":{"line":54,"column":26},"end":{"line":54,"column":53}}],"line":54},"5":{"loc":{"start":{"line":71,"column":8},"end":{"line":73,"column":33}},"type":"cond-expr","locations":[{"start":{"line":72,"column":12},"end":{"line":72,"column":39}},{"start":{"line":73,"column":12},"end":{"line":73,"column":33}}],"line":71},"6":{"loc":{"start":{"line":71,"column":8},"end":{"line":71,"column":53}},"type":"binary-expr","locations":[{"start":{"line":71,"column":8},"end":{"line":71,"column":22}},{"start":{"line":71,"column":26},"end":{"line":71,"column":53}}],"line":71}},"s":{"0":7,"1":3,"2":4,"3":4,"4":2,"5":0,"6":2,"7":2,"8":2,"9":7,"10":7,"11":2,"12":1,"13":1,"14":1,"15":1,"16":7,"17":3,"18":3,"19":3,"20":1,"21":1,"22":1,"23":1,"24":2,"25":2,"26":2,"27":2,"28":2,"29":3,"30":3,"31":3,"32":1,"33":2,"34":2,"35":2,"36":1,"37":1,"38":1,"39":1,"40":7,"41":1,"42":1,"43":1,"44":1,"45":1,"46":1,"47":1,"48":1,"49":1,"50":1,"51":1,"52":1,"53":1,"54":1,"55":1,"56":1},"f":{"0":7,"1":2,"2":1,"3":1,"4":1,"5":1,"6":3,"7":3,"8":1,"9":1,"10":1,"11":1,"12":1,"13":1},"b":{"0":[3,4],"1":[0,2],"2":[7,6],"3":[1,1],"4":[2,1],"5":[1,1],"6":[2,1]},"_coverageSchema":"1a1c01bbd47fc00a2c39e90264f33305004495a9","hash":"ac9944f6068859e7a9fbda374a23863f1ed5d9f0"}
,"C:\\Users\\ellin\\Desktop\\Project\\MyAccountBook\\client\\src\\store\\modules\\categories.js": {"path":"C:\\Users\\ellin\\Desktop\\Project\\MyAccountBook\\client\\src\\store\\modules\\categories.js","statementMap":{"0":{"start":{"line":5,"column":16},"end":{"line":5,"column":43}},"1":{"start":{"line":7,"column":14},"end":{"line":11,"column":1}},"2":{"start":{"line":13,"column":16},"end":{"line":17,"column":1}},"3":{"start":{"line":14,"column":28},"end":{"line":14,"column":44}},"4":{"start":{"line":15,"column":29},"end":{"line":15,"column":41}},"5":{"start":{"line":16,"column":28},"end":{"line":16,"column":39}},"6":{"start":{"line":19,"column":16},"end":{"line":95,"column":1}},"7":{"start":{"line":21,"column":4},"end":{"line":21,"column":33}},"8":{"start":{"line":22,"column":4},"end":{"line":35,"column":5}},"9":{"start":{"line":23,"column":20},"end":{"line":23,"column":48}},"10":{"start":{"line":24,"column":23},"end":{"line":28,"column":8}},"11":{"start":{"line":29,"column":6},"end":{"line":29,"column":50}},"12":{"start":{"line":30,"column":6},"end":{"line":30,"column":27}},"13":{"start":{"line":32,"column":22},"end":{"line":32,"column":68}},"14":{"start":{"line":33,"column":6},"end":{"line":33,"column":42}},"15":{"start":{"line":34,"column":6},"end":{"line":34,"column":20}},"16":{"start":{"line":39,"column":4},"end":{"line":39,"column":33}},"17":{"start":{"line":40,"column":4},"end":{"line":53,"column":5}},"18":{"start":{"line":41,"column":20},"end":{"line":41,"column":48}},"19":{"start":{"line":42,"column":23},"end":{"line":46,"column":8}},"20":{"start":{"line":47,"column":6},"end":{"line":47,"column":52}},"21":{"start":{"line":48,"column":6},"end":{"line":48,"column":27}},"22":{"start":{"line":50,"column":22},"end":{"line":50,"column":68}},"23":{"start":{"line":51,"column":6},"end":{"line":51,"column":42}},"24":{"start":{"line":52,"column":6},"end":{"line":52,"column":20}},"25":{"start":{"line":57,"column":4},"end":{"line":57,"column":33}},"26":{"start":{"line":58,"column":4},"end":{"line":75,"column":5}},"27":{"start":{"line":59,"column":20},"end":{"line":59,"column":48}},"28":{"start":{"line":60,"column":23},"end":{"line":68,"column":7}},"29":{"start":{"line":69,"column":6},"end":{"line":69,"column":55}},"30":{"start":{"line":70,"column":6},"end":{"line":70,"column":27}},"31":{"start":{"line":72,"column":22},"end":{"line":72,"column":68}},"32":{"start":{"line":73,"column":6},"end":{"line":73,"column":42}},"33":{"start":{"line":74,"column":6},"end":{"line":74,"column":20}},"34":{"start":{"line":79,"column":4},"end":{"line":79,"column":33}},"35":{"start":{"line":80,"column":4},"end":{"line":93,"column":5}},"36":{"start":{"line":81,"column":20},"end":{"line":81,"column":48}},"37":{"start":{"line":82,"column":6},"end":{"line":86,"column":9}},"38":{"start":{"line":87,"column":6},"end":{"line":87,"column":44}},"39":{"start":{"line":88,"column":6},"end":{"line":88,"column":16}},"40":{"start":{"line":90,"column":22},"end":{"line":90,"column":68}},"41":{"start":{"line":91,"column":6},"end":{"line":91,"column":42}},"42":{"start":{"line":92,"column":6},"end":{"line":92,"column":20}},"43":{"start":{"line":97,"column":18},"end":{"line":132,"column":1}},"44":{"start":{"line":99,"column":4},"end":{"line":99,"column":29}},"45":{"start":{"line":100,"column":4},"end":{"line":100,"column":23}},"46":{"start":{"line":103,"column":4},"end":{"line":103,"column":29}},"47":{"start":{"line":104,"column":4},"end":{"line":104,"column":34}},"48":{"start":{"line":105,"column":4},"end":{"line":105,"column":23}},"49":{"start":{"line":108,"column":4},"end":{"line":108,"column":27}},"50":{"start":{"line":109,"column":4},"end":{"line":109,"column":26}},"51":{"start":{"line":110,"column":4},"end":{"line":110,"column":26}},"52":{"start":{"line":113,"column":4},"end":{"line":113,"column":29}},"53":{"start":{"line":114,"column":4},"end":{"line":114,"column":39}},"54":{"start":{"line":115,"column":4},"end":{"line":115,"column":23}},"55":{"start":{"line":118,"column":4},"end":{"line":118,"column":29}},"56":{"start":{"line":119,"column":18},"end":{"line":121,"column":5}},"57":{"start":{"line":120,"column":13},"end":{"line":120,"column":42}},"58":{"start":{"line":122,"column":4},"end":{"line":124,"column":5}},"59":{"start":{"line":123,"column":6},"end":{"line":123,"column":57}},"60":{"start":{"line":125,"column":4},"end":{"line":125,"column":23}},"61":{"start":{"line":128,"column":4},"end":{"line":128,"column":29}},"62":{"start":{"line":129,"column":4},"end":{"line":129,"column":68}},"63":{"start":{"line":129,"column":54},"end":{"line":129,"column":66}},"64":{"start":{"line":130,"column":4},"end":{"line":130,"column":23}}},"fnMap":{"0":{"name":"(anonymous_0)","decl":{"start":{"line":14,"column":17},"end":{"line":14,"column":18}},"loc":{"start":{"line":14,"column":28},"end":{"line":14,"column":44}},"line":14},"1":{"name":"(anonymous_1)","decl":{"start":{"line":15,"column":18},"end":{"line":15,"column":19}},"loc":{"start":{"line":15,"column":29},"end":{"line":15,"column":41}},"line":15},"2":{"name":"(anonymous_2)","decl":{"start":{"line":16,"column":17},"end":{"line":16,"column":18}},"loc":{"start":{"line":16,"column":28},"end":{"line":16,"column":39}},"line":16},"3":{"name":"(anonymous_3)","decl":{"start":{"line":20,"column":2},"end":{"line":20,"column":3}},"loc":{"start":{"line":20,"column":49},"end":{"line":36,"column":3}},"line":20},"4":{"name":"(anonymous_4)","decl":{"start":{"line":38,"column":2},"end":{"line":38,"column":3}},"loc":{"start":{"line":38,"column":59},"end":{"line":54,"column":3}},"line":38},"5":{"name":"(anonymous_5)","decl":{"start":{"line":56,"column":2},"end":{"line":56,"column":3}},"loc":{"start":{"line":56,"column":70},"end":{"line":76,"column":3}},"line":56},"6":{"name":"(anonymous_6)","decl":{"start":{"line":78,"column":2},"end":{"line":78,"column":3}},"loc":{"start":{"line":78,"column":52},"end":{"line":94,"column":3}},"line":78},"7":{"name":"(anonymous_7)","decl":{"start":{"line":98,"column":2},"end":{"line":98,"column":3}},"loc":{"start":{"line":98,"column":28},"end":{"line":101,"column":3}},"line":98},"8":{"name":"(anonymous_8)","decl":{"start":{"line":102,"column":2},"end":{"line":102,"column":3}},"loc":{"start":{"line":102,"column":40},"end":{"line":106,"column":3}},"line":102},"9":{"name":"(anonymous_9)","decl":{"start":{"line":107,"column":2},"end":{"line":107,"column":3}},"loc":{"start":{"line":107,"column":35},"end":{"line":111,"column":3}},"line":107},"10":{"name":"(anonymous_10)","decl":{"start":{"line":112,"column":2},"end":{"line":112,"column":3}},"loc":{"start":{"line":112,"column":43},"end":{"line":116,"column":3}},"line":112},"11":{"name":"(anonymous_11)","decl":{"start":{"line":117,"column":2},"end":{"line":117,"column":3}},"loc":{"start":{"line":117,"column":50},"end":{"line":126,"column":3}},"line":117},"12":{"name":"(anonymous_12)","decl":{"start":{"line":120,"column":6},"end":{"line":120,"column":7}},"loc":{"start":{"line":120,"column":13},"end":{"line":120,"column":42}},"line":120},"13":{"name":"(anonymous_13)","decl":{"start":{"line":127,"column":2},"end":{"line":127,"column":3}},"loc":{"start":{"line":127,"column":37},"end":{"line":131,"column":3}},"line":127},"14":{"name":"(anonymous_14)","decl":{"start":{"line":129,"column":47},"end":{"line":129,"column":48}},"loc":{"start":{"line":129,"column":54},"end":{"line":129,"column":66}},"line":129}},"branchMap":{"0":{"loc":{"start":{"line":32,"column":22},"end":{"line":32,"column":68}},"type":"binary-expr","locations":[{"start":{"line":32,"column":22},"end":{"line":32,"column":51}},{"start":{"line":32,"column":55},"end":{"line":32,"column":68}}],"line":32},"1":{"loc":{"start":{"line":50,"column":22},"end":{"line":50,"column":68}},"type":"binary-expr","locations":[{"start":{"line":50,"column":22},"end":{"line":50,"column":51}},{"start":{"line":50,"column":55},"end":{"line":50,"column":68}}],"line":50},"2":{"loc":{"start":{"line":72,"column":22},"end":{"line":72,"column":68}},"type":"binary-expr","locations":[{"start":{"line":72,"column":22},"end":{"line":72,"column":51}},{"start":{"line":72,"column":55},"end":{"line":72,"column":68}}],"line":72},"3":{"loc":{"start":{"line":90,"column":22},"end":{"line":90,"column":68}},"type":"binary-expr","locations":[{"start":{"line":90,"column":22},"end":{"line":90,"column":51}},{"start":{"line":90,"column":55},"end":{"line":90,"column":68}}],"line":90},"4":{"loc":{"start":{"line":122,"column":4},"end":{"line":124,"column":5}},"type":"if","locations":[{"start":{"line":122,"column":4},"end":{"line":124,"column":5}},{"start":{},"end":{}}],"line":122}},"s":{"0":1,"1":1,"2":1,"3":1,"4":1,"5":1,"6":1,"7":2,"8":2,"9":2,"10":2,"11":1,"12":1,"13":1,"14":1,"15":1,"16":2,"17":2,"18":2,"19":2,"20":1,"21":1,"22":1,"23":1,"24":1,"25":2,"26":2,"27":2,"28":2,"29":1,"30":1,"31":1,"32":1,"33":1,"34":2,"35":2,"36":2,"37":2,"38":1,"39":1,"40":1,"41":1,"42":1,"43":1,"44":1,"45":1,"46":1,"47":1,"48":1,"49":1,"50":1,"51":1,"52":1,"53":1,"54":1,"55":2,"56":2,"57":2,"58":2,"59":1,"60":2,"61":1,"62":1,"63":2,"64":1},"f":{"0":1,"1":1,"2":1,"3":2,"4":2,"5":2,"6":2,"7":1,"8":1,"9":1,"10":1,"11":2,"12":2,"13":1,"14":2},"b":{"0":[1,0],"1":[1,0],"2":[1,0],"3":[1,0],"4":[1,1]},"_coverageSchema":"1a1c01bbd47fc00a2c39e90264f33305004495a9","hash":"83ef1fe5682e203a9ef4c27a81b434ef0d1379b8"}
,"C:\\Users\\ellin\\Desktop\\Project\\MyAccountBook\\client\\src\\store\\modules\\transactions.js": {"path":"C:\\Users\\ellin\\Desktop\\Project\\MyAccountBook\\client\\src\\store\\modules\\transactions.js","statementMap":{"0":{"start":{"line":5,"column":14},"end":{"line":10,"column":1}},"1":{"start":{"line":12,"column":16},"end":{"line":17,"column":1}},"2":{"start":{"line":13,"column":30},"end":{"line":13,"column":48}},"3":{"start":{"line":14,"column":32},"end":{"line":14,"column":44}},"4":{"start":{"line":15,"column":31},"end":{"line":15,"column":42}},"5":{"start":{"line":16,"column":33},"end":{"line":16,"column":57}},"6":{"start":{"line":19,"column":16},"end":{"line":88,"column":1}},"7":{"start":{"line":21,"column":4},"end":{"line":21,"column":35}},"8":{"start":{"line":22,"column":4},"end":{"line":37,"column":5}},"9":{"start":{"line":23,"column":20},"end":{"line":23,"column":48}},"10":{"start":{"line":24,"column":6},"end":{"line":27,"column":8}},"11":{"start":{"line":28,"column":6},"end":{"line":28,"column":46}},"12":{"start":{"line":30,"column":27},"end":{"line":30,"column":70}},"13":{"start":{"line":31,"column":6},"end":{"line":31,"column":51}},"14":{"start":{"line":32,"column":6},"end":{"line":32,"column":26}},"15":{"start":{"line":34,"column":22},"end":{"line":34,"column":68}},"16":{"start":{"line":35,"column":6},"end":{"line":35,"column":44}},"17":{"start":{"line":36,"column":6},"end":{"line":36,"column":20}},"18":{"start":{"line":41,"column":4},"end":{"line":41,"column":35}},"19":{"start":{"line":42,"column":4},"end":{"line":53,"column":5}},"20":{"start":{"line":43,"column":20},"end":{"line":43,"column":48}},"21":{"start":{"line":44,"column":6},"end":{"line":44,"column":46}},"22":{"start":{"line":46,"column":8},"end":{"line":46,"column":65}},"23":{"start":{"line":47,"column":6},"end":{"line":47,"column":54}},"24":{"start":{"line":48,"column":6},"end":{"line":48,"column":26}},"25":{"start":{"line":50,"column":22},"end":{"line":50,"column":68}},"26":{"start":{"line":51,"column":6},"end":{"line":51,"column":44}},"27":{"start":{"line":52,"column":6},"end":{"line":52,"column":20}},"28":{"start":{"line":57,"column":4},"end":{"line":57,"column":35}},"29":{"start":{"line":58,"column":4},"end":{"line":71,"column":5}},"30":{"start":{"line":59,"column":20},"end":{"line":59,"column":48}},"31":{"start":{"line":60,"column":6},"end":{"line":60,"column":46}},"32":{"start":{"line":61,"column":27},"end":{"line":64,"column":7}},"33":{"start":{"line":65,"column":6},"end":{"line":65,"column":57}},"34":{"start":{"line":66,"column":6},"end":{"line":66,"column":26}},"35":{"start":{"line":68,"column":22},"end":{"line":68,"column":68}},"36":{"start":{"line":69,"column":6},"end":{"line":69,"column":44}},"37":{"start":{"line":70,"column":6},"end":{"line":70,"column":20}},"38":{"start":{"line":75,"column":4},"end":{"line":75,"column":35}},"39":{"start":{"line":76,"column":4},"end":{"line":86,"column":5}},"40":{"start":{"line":77,"column":20},"end":{"line":77,"column":48}},"41":{"start":{"line":78,"column":6},"end":{"line":78,"column":46}},"42":{"start":{"line":79,"column":6},"end":{"line":79,"column":54}},"43":{"start":{"line":80,"column":6},"end":{"line":80,"column":47}},"44":{"start":{"line":81,"column":6},"end":{"line":81,"column":16}},"45":{"start":{"line":83,"column":22},"end":{"line":83,"column":68}},"46":{"start":{"line":84,"column":6},"end":{"line":84,"column":44}},"47":{"start":{"line":85,"column":6},"end":{"line":85,"column":20}},"48":{"start":{"line":90,"column":18},"end":{"line":125,"column":1}},"49":{"start":{"line":92,"column":4},"end":{"line":92,"column":29}},"50":{"start":{"line":93,"column":4},"end":{"line":93,"column":23}},"51":{"start":{"line":96,"column":4},"end":{"line":96,"column":29}},"52":{"start":{"line":97,"column":4},"end":{"line":97,"column":38}},"53":{"start":{"line":98,"column":4},"end":{"line":98,"column":23}},"54":{"start":{"line":101,"column":4},"end":{"line":101,"column":27}},"55":{"start":{"line":102,"column":4},"end":{"line":102,"column":28}},"56":{"start":{"line":103,"column":4},"end":{"line":103,"column":26}},"57":{"start":{"line":106,"column":4},"end":{"line":106,"column":29}},"58":{"start":{"line":107,"column":4},"end":{"line":107,"column":44}},"59":{"start":{"line":108,"column":4},"end":{"line":108,"column":23}},"60":{"start":{"line":111,"column":4},"end":{"line":111,"column":29}},"61":{"start":{"line":112,"column":18},"end":{"line":114,"column":5}},"62":{"start":{"line":113,"column":13},"end":{"line":113,"column":45}},"63":{"start":{"line":115,"column":4},"end":{"line":117,"column":5}},"64":{"start":{"line":116,"column":6},"end":{"line":116,"column":62}},"65":{"start":{"line":118,"column":4},"end":{"line":118,"column":23}},"66":{"start":{"line":121,"column":4},"end":{"line":121,"column":29}},"67":{"start":{"line":122,"column":4},"end":{"line":122,"column":72}},"68":{"start":{"line":122,"column":58},"end":{"line":122,"column":70}},"69":{"start":{"line":123,"column":4},"end":{"line":123,"column":23}}},"fnMap":{"0":{"name":"(anonymous_0)","decl":{"start":{"line":13,"column":19},"end":{"line":13,"column":20}},"loc":{"start":{"line":13,"column":30},"end":{"line":13,"column":48}},"line":13},"1":{"name":"(anonymous_1)","decl":{"start":{"line":14,"column":21},"end":{"line":14,"column":22}},"loc":{"start":{"line":14,"column":32},"end":{"line":14,"column":44}},"line":14},"2":{"name":"(anonymous_2)","decl":{"start":{"line":15,"column":20},"end":{"line":15,"column":21}},"loc":{"start":{"line":15,"column":31},"end":{"line":15,"column":42}},"line":15},"3":{"name":"(anonymous_3)","decl":{"start":{"line":16,"column":22},"end":{"line":16,"column":23}},"loc":{"start":{"line":16,"column":33},"end":{"line":16,"column":57}},"line":16},"4":{"name":"(anonymous_4)","decl":{"start":{"line":20,"column":2},"end":{"line":20,"column":3}},"loc":{"start":{"line":20,"column":51},"end":{"line":38,"column":3}},"line":20},"5":{"name":"(anonymous_5)","decl":{"start":{"line":40,"column":2},"end":{"line":40,"column":3}},"loc":{"start":{"line":40,"column":65},"end":{"line":54,"column":3}},"line":40},"6":{"name":"(anonymous_6)","decl":{"start":{"line":56,"column":2},"end":{"line":56,"column":3}},"loc":{"start":{"line":56,"column":76},"end":{"line":72,"column":3}},"line":56},"7":{"name":"(anonymous_7)","decl":{"start":{"line":74,"column":2},"end":{"line":74,"column":3}},"loc":{"start":{"line":74,"column":55},"end":{"line":87,"column":3}},"line":74},"8":{"name":"(anonymous_8)","decl":{"start":{"line":91,"column":2},"end":{"line":91,"column":3}},"loc":{"start":{"line":91,"column":30},"end":{"line":94,"column":3}},"line":91},"9":{"name":"(anonymous_9)","decl":{"start":{"line":95,"column":2},"end":{"line":95,"column":3}},"loc":{"start":{"line":95,"column":44},"end":{"line":99,"column":3}},"line":95},"10":{"name":"(anonymous_10)","decl":{"start":{"line":100,"column":2},"end":{"line":100,"column":3}},"loc":{"start":{"line":100,"column":37},"end":{"line":104,"column":3}},"line":100},"11":{"name":"(anonymous_11)","decl":{"start":{"line":105,"column":2},"end":{"line":105,"column":3}},"loc":{"start":{"line":105,"column":49},"end":{"line":109,"column":3}},"line":105},"12":{"name":"(anonymous_12)","decl":{"start":{"line":110,"column":2},"end":{"line":110,"column":3}},"loc":{"start":{"line":110,"column":56},"end":{"line":119,"column":3}},"line":110},"13":{"name":"(anonymous_13)","decl":{"start":{"line":113,"column":6},"end":{"line":113,"column":7}},"loc":{"start":{"line":113,"column":13},"end":{"line":113,"column":45}},"line":113},"14":{"name":"(anonymous_14)","decl":{"start":{"line":120,"column":2},"end":{"line":120,"column":3}},"loc":{"start":{"line":120,"column":40},"end":{"line":124,"column":3}},"line":120},"15":{"name":"(anonymous_15)","decl":{"start":{"line":122,"column":51},"end":{"line":122,"column":52}},"loc":{"start":{"line":122,"column":58},"end":{"line":122,"column":70}},"line":122}},"branchMap":{"0":{"loc":{"start":{"line":34,"column":22},"end":{"line":34,"column":68}},"type":"binary-expr","locations":[{"start":{"line":34,"column":22},"end":{"line":34,"column":51}},{"start":{"line":34,"column":55},"end":{"line":34,"column":68}}],"line":34},"1":{"loc":{"start":{"line":50,"column":22},"end":{"line":50,"column":68}},"type":"binary-expr","locations":[{"start":{"line":50,"column":22},"end":{"line":50,"column":51}},{"start":{"line":50,"column":55},"end":{"line":50,"column":68}}],"line":50},"2":{"loc":{"start":{"line":68,"column":22},"end":{"line":68,"column":68}},"type":"binary-expr","locations":[{"start":{"line":68,"column":22},"end":{"line":68,"column":51}},{"start":{"line":68,"column":55},"end":{"line":68,"column":68}}],"line":68},"3":{"loc":{"start":{"line":83,"column":22},"end":{"line":83,"column":68}},"type":"binary-expr","locations":[{"start":{"line":83,"column":22},"end":{"line":83,"column":51}},{"start":{"line":83,"column":55},"end":{"line":83,"column":68}}],"line":83},
[...]
":" ","17442":"#","17443":"f","17444":"d","17445":"f","17446":"d","17447":"f","17448":"d","17449":";","17450":"\\","17451":"n","17452":" ","17453":" ","17454":" ","17455":" ","17456":"p","17457":"a","17458":"d","17459":"d","17460":"i","17461":"n","17462":"g","17463":":","17464":" ","17465":"2","17466":"5","17467":"p","17468":"x","17469":";","17470":"\\","17471":"n","17472":" ","17473":" ","17474":" ","17475":" ","17476":"b","17477":"o","17478":"r","17479":"d","17480":"e","17481":"r","17482":"-","17483":"r","17484":"a","17485":"d","17486":"i","17487":"u","17488":"s","17489":":","17490":" ","17491":"8","17492":"p","17493":"x","17494":";","17495":"\\","17496":"n","17497":" ","17498":" ","17499":" ","17500":" ","17501":"b","17502":"o","17503":"x","17504":"-","17505":"s","17506":"h","17507":"a","17508":"d","17509":"o","17510":"w","17511":":","17512":" ","17513":"0","17514":" ","17515":"2","17516":"p","17517":"x","17518":" ","17519":"8","17520":"p","17521":"x","17522":" ","17523":"r","17524":"g","17525":"b","17526":"a","17527":"(","17528":"0","17529":",","17530":" ","17531":"0","17532":",","17533":" ","17534":"0","17535":",","17536":" ","17537":"0","17538":".","17539":"0","17540":"8","17541":")","17542":";","17543":"\\","17544":"n","17545":" ","17546":" ","17547":"}","17548":"\\","17549":"n","17550":"\\","17551":"n","17552":" ","17553":" ","17554":".","17555":"t","17556":"r","17557":"a","17558":"n","17559":"s","17560":"a","17561":"c","17562":"t","17563":"i","17564":"o","17565":"n","17566":"-","17567":"l","17568":"i","17569":"s","17570":"t","17571":" ","17572":"{","17573":"\\","17574":"n","17575":" ","17576":" ","17577":" ","17578":" ","17579":"l","17580":"i","17581":"s","17582":"t","17583":"-","17584":"s","17585":"t","17586":"y","17587":"l","17588":"e","17589":":","17590":" ","17591":"n","17592":"o","17593":"n","17594":"e","17595":";","17596":"\\","17597":"n","17598":" ","17599":" ","17600":" ","17601":" ","17602":"p","17603":"a","17604":"d","17605":"d","17606":"i","17607":"n","17608":"g","17609":":","17610":" ","17611":"0","17612":";","17613":"\\","17614":"n","17615":" ","17616":" ","17617":" ","17618":" ","17619":"m","17620":"a","17621":"r","17622":"g","17623":"i","17624":"n","17625":":","17626":" ","17627":"0","17628":";","17629":"\\","17630":"n","17631":" ","17632":" ","17633":"}","17634":"\\","17635":"n","17636":"\\","17637":"n","17638":" ","17639":" ","17640":".","17641":"t","17642":"r","17643":"a","17644":"n","17645":"s","17646":"a","17647":"c","17648":"t","17649":"i","17650":"o","17651":"n","17652":"-","17653":"i","17654":"t","17655":"e","17656":"m","17657":" ","17658":"{","17659":"\\","17660":"n","17661":" ","17662":" ","17663":" ","17664":" ","17665":"d","17666":"i","17667":"s","17668":"p","17669":"l","17670":"a","17671":"y","17672":":","17673":" ","17674":"f","17675":"l","17676":"e","17677":"x","17678":";","17679":"\\","17680":"n","17681":" ","17682":" ","17683":" ","17684":" ","17685":"j","17686":"u","17687":"s","17688":"t","17689":"i","17690":"f","17691":"y","17692":"-","17693":"c","17694":"o","17695":"n","17696":"t","17697":"e","17698":"n","17699":"t","17700":":","17701":" ","17702":"s","17703":"p","17704":"a","17705":"c","17706":"e","17707":"-","17708":"b","17709":"e","17710":"t","17711":"w","17712":"e","17713":"e","17714":"n","17715":";","17716":"\\","17717":"n","17718":" ","17719":" ","17720":" ","17721":" ","17722":"a","17723":"l","17724":"i","17725":"g","17726":"n","17727":"-","17728":"i","17729":"t","17730":"e","17731":"m","17732":"s","17733":":","17734":" ","17735":"c","17736":"e","17737":"n","17738":"t","17739":"e","17740":"r","17741":";","17742":"\\","17743":"n","17744":" ","17745":" ","17746":" ","17747":" ","17748":"p","17749":"a","17750":"d","17751":"d","17752":"i","17753":"n","17754":"g","17755":":","17756":" ","17757":"1","17758":"5","17759":"p","17760":"x","17761":" ","17762":"0","17763":";","17764":"\\","17765":"n","17766":" ","17767":" ","17768":" ","17769":" ","17770":"b","17771":"o","17772":"r","17773":"d","17774":"e","17775":"r","17776":"-","17777":"b","17778":"o","17779":"t","17780":"t","17781":"o","17782":"m","17783":":","17784":" ","17785":"1","17786":"p","17787":"x","17788":" ","17789":"s","17790":"o","17791":"l","17792":"i","17793":"d","17794":" ","17795":"#","17796":"e","17797":"e","17798":"e","17799":";","17800":"\\","17801":"n","17802":" ","17803":" ","17804":" ","17805":" ","17806":"f","17807":"o","17808":"n","17809":"t","17810":"-","17811":"s","17812":"i","17813":"z","17814":"e","17815":":","17816":" ","17817":"0","17818":".","17819":"9","17820":"5","17821":"e","17822":"m","17823":";","17824":"\\","17825":"n","17826":" ","17827":" ","17828":"}","17829":"\\","17830":"n","17831":"\\","17832":"n","17833":" ","17834":" ","17835":".","17836":"t","17837":"r","17838":"a","17839":"n","17840":"s","17841":"a","17842":"c","17843":"t","17844":"i","17845":"o","17846":"n","17847":"-","17848":"i","17849":"t","17850":"e","17851":"m","17852":":","17853":"l","17854":"a","17855":"s","17856":"t","17857":"-","17858":"c","17859":"h","17860":"i","17861":"l","17862":"d","17863":" ","17864":"{","17865":"\\","17866":"n","17867":" ","17868":" ","17869":" ","17870":" ","17871":"b","17872":"o","17873":"r","17874":"d","17875":"e","17876":"r","17877":"-","17878":"b","17879":"o","17880":"t","17881":"t","17882":"o","17883":"m","17884":":","17885":" ","17886":"n","17887":"o","17888":"n","17889":"e","17890":";","17891":"\\","17892":"n","17893":" ","17894":" ","17895":"}","17896":"\\","17897":"n","17898":"\\","17899":"n","17900":" ","17901":" ","17902":".","17903":"t","17904":"r","17905":"a","17906":"n","17907":"s","17908":"a","17909":"c","17910":"t","17911":"i","17912":"o","17913":"n","17914":"-","17915":"d","17916":"a","17917":"t","17918":"e","17919":" ","17920":"{","17921":"\\","17922":"n","17923":" ","17924":" ","17925":" ","17926":" ","17927":"f","17928":"l","17929":"e","17930":"x","17931":":","17932":" ","17933":"0","17934":" ","17935":"0","17936":" ","17937":"1","17938":"0","17939":"0","17940":"p","17941":"x","17942":";","17943":"\\","17944":"n","17945":" ","17946":" ","17947":" ","17948":" ","17949":"f","17950":"o","17951":"n","17952":"t","17953":"-","17954":"w","17955":"e","17956":"i","17957":"g","17958":"h","17959":"t","17960":":","17961":" ","17962":"b","17963":"o","17964":"l","17965":"d","17966":";","17967":"\\","17968":"n","17969":" ","17970":" ","17971":" ","17972":" ","17973":"c","17974":"o","17975":"l","17976":"o","17977":"r","17978":":","17979":" ","17980":"#","17981":"6","17982":"6","17983":"6","17984":";","17985":"\\","17986":"n","17987":" ","17988":" ","17989":"}","17990":"\\","17991":"n","17992":"\\","17993":"n","17994":" ","17995":" ","17996":".","17997":"t","17998":"r","17999":"a","18000":"n","18001":"s","18002":"a","18003":"c","18004":"t","18005":"i","18006":"o","18007":"n","18008":"-","18009":"c","18010":"a","18011":"t","18012":"e","18013":"g","18014":"o","18015":"r","18016":"y","18017":" ","18018":"{","18019":"\\","18020":"n","18021":" ","18022":" ","18023":" ","18024":" ","18025":"f","18026":"l","18027":"e","18028":"x","18029":":","18030":" ","18031":"0","18032":" ","18033":"0","18034":" ","18035":"1","18036":"2","18037":"0","18038":"p","18039":"x","18040":";","18041":"\\","18042":"n","18043":" ","18044":" ","18045":" ","18046":" ","18047":"c","18048":"o","18049":"l","18050":"o","18051":"r","18052":":","18053":" ","18054":"#","18055":"5","18056":"5","18057":"5","18058":";","18059":"\\","18060":"n","18061":" ","18062":" ","18063":" ","18064":" ","18065":"t","18066":"e","18067":"x","18068":"t","18069":"-","18070":"a","18071":"l","18072":"i","18073":"g","18074":"n","18075":":","18076":" ","18077":"l","18078":"e","18079":"f","18080":"t","18081":";","18082":"\\","18083":"n","18084":" ","18085":" ","18086":"}","18087":"\\","18088":"n","18089":"\\","18090":"n","18091":" ","18092":" ","18093":".","18094":"t","18095":"r","18096":"a","18097":"n","18098":"s","18099":"a","18100":"c","18101":"t","18102":"i","18103":"o","18104":"n","18105":"-","18106":"d","18107":"e","18108":"s","18109":"c","18110":"r","18111":"i","18112":"p","18113":"t","18114":"i","18115":"o","18116":"n","18117":" ","18118":"{","18119":"\\","18120":"n","18121":" ","18122":" ","18123":" ","18124":" ","18125":"f","18126":"l","18127":"e","18128":"x","18129":"-","18130":"g","18131":"r","18132":"o","18133":"w","18134":":","18135":" ","18136":"1","18137":";","18138":"\\","18139":"n","18140":" ","18141":" ","18142":" ","18143":" ","18144":"c","18145":"o","18146":"l","18147":"o","18148":"r","18149":":","18150":" ","18151":"#","18152":"4","18153":"4","18154":"4","18155":";","18156":"\\","18157":"n","18158":" ","18159":" ","18160":" ","18161":" ","18162":"w","18163":"h","18164":"i","18165":"t","18166":"e","18167":"-","18168":"s","18169":"p","18170":"a","18171":"c","18172":"e","18173":":","18174":" ","18175":"n","18176":"o","18177":"w","18178":"r","18179":"a","18180":"p","18181":";","18182":"\\","18183":"n","18184":" ","18185":" ","18186":" ","18187":" ","18188":"o","18189":"v","18190":"e","18191":"r","18192":"f","18193":"l","18194":"o","18195":"w","18196":":","18197":" ","18198":"h","18199":"i","18200":"d","18201":"d","18202":"e","18203":"n","18204":";","18205":"\\","18206":"n","18207":" ","18208":" ","18209":" ","18210":" ","18211":"t","18212":"e","18213":"x","18214":"t","18215":"-","18216":"o","18217":"v","18218":"e","18219":"r","18220":"f","18221":"l","18222":"o","18223":"w","18224":":","18225":" ","18226":"e","18227":"l","18228":"l","18229":"i","18230":"p","18231":"s","18232":"i","18233":"s","18234":";","18235":"\\","18236":"n","18237":" ","18238":" ","18239":" ","18240":" ","18241":"m","18242":"a","18243":"r","18244":"g","18245":"i","18246":"n","18247":":","18248":" ","18249":"0","18250":" ","18251":"1","18252":"0","18253":"p","18254":"x","18255":";","18256":"\\","18257":"n","18258":" ","18259":" ","18260":" ","18261":" ","18262":"t","18263":"e","18264":"x","18265":"t","18266":"-","18267":"a","18268":"l","18269":"i","18270":"g","18271":"n","18272":":","18273":" ","18274":"l","18275":"e","18276":"f","18277":"t","18278":";","18279":"\\","18280":"n","18281":" ","18282":" ","18283":"}","18284":"\\","18285":"n","18286":"\\","18287":"n","18288":" ","18289":" ","18290":".","18291":"t","18292":"r","18293":"a","18294":"n","18295":"s","18296":"a","18297":"c","18298":"t","18299":"i","18300":"o","18301":"n","18302":"-","18303":"a","18304":"m","18305":"o","18306":"u","18307":"n","18308":"t","18309":" ","18310":"{","18311":"\\","18312":"n","18313":" ","18314":" ","18315":" ","18316":" ","18317":"f","18318":"l","18319":"e","18320":"x","18321":":","18322":" ","18323":"0","18324":" ","18325":"0","18326":" ","18327":"1","18328":"2","18329":"0","18330":"p","18331":"x","18332":";","18333":"\\","18334":"n","18335":" ","18336":" ","18337":" ","18338":" ","18339":"t","18340":"e","18341":"x","18342":"t","18343":"-","18344":"a","18345":"l","18346":"i","18347":"g","18348":"n","18349":":","18350":" ","18351":"r","18352":"i","18353":"g","18354":"h","18355":"t","18356":";","18357":"\\","18358":"n","18359":" ","18360":" ","18361":" ","18362":" ","18363":"f","18364":"o","18365":"n","18366":"t","18367":"-","18368":"w","18369":"e","18370":"i","18371":"g","18372":"h","18373":"t","18374":":","18375":" ","18376":"b","18377":"o","18378":"l","18379":"d","18380":";","18381":"\\","18382":"n","18383":" ","18384":" ","18385":"}","18386":"\\","18387":"n","18388":"\\","18389":"n","18390":" ","18391":" ","18392":".","18393":"t","18394":"r","18395":"a","18396":"n","18397":"s","18398":"a","18399":"c","18400":"t","18401":"i","18402":"o","18403":"n","18404":"-","18405":"i","18406":"t","18407":"e","18408":"m","18409":".","18410":"i","18411":"n","18412":"c","18413":"o","18414":"m","18415":"e","18416":" ","18417":".","18418":"t","18419":"r","18420":"a","18421":"n","18422":"s","18423":"a","18424":"c","18425":"t","18426":"i","18427":"o","18428":"n","18429":"-","18430":"a","18431":"m","18432":"o","18433":"u","18434":"n","18435":"t","18436":" ","18437":"{","18438":"\\","18439":"n","18440":" ","18441":" ","18442":" ","18443":" ","18444":"c","18445":"o","18446":"l","18447":"o","18448":"r","18449":":","18450":" ","18451":"#","18452":"2","18453":"8","18454":"a","18455":"7","18456":"4","18457":"5","18458":";","18459":"\\","18460":"n","18461":" ","18462":" ","18463":"}","18464":"\\","18465":"n","18466":"\\","18467":"n","18468":" ","18469":" ","18470":".","18471":"t","18472":"r","18473":"a","18474":"n","18475":"s","18476":"a","18477":"c","18478":"t","18479":"i","18480":"o","18481":"n","18482":"-","18483":"i","18484":"t","18485":"e","18486":"m","18487":".","18488":"e","18489":"x","18490":"p","18491":"e","18492":"n","18493":"s","18494":"e","18495":" ","18496":".","18497":"t","18498":"r","18499":"a","18500":"n","18501":"s","18502":"a","18503":"c","18504":"t","18505":"i","18506":"o","18507":"n","18508":"-","18509":"a","18510":"m","18511":"o","18512":"u","18513":"n","18514":"t","18515":" ","18516":"{","18517":"\\","18518":"n","18519":" ","18520":" ","18521":" ","18522":" ","18523":"c","18524":"o","18525":"l","18526":"o","18527":"r","18528":":","18529":" ","18530":"#","18531":"d","18532":"c","18533":"3","18534":"5","18535":"4","18536":"5","18537":";","18538":"\\","18539":"n","18540":" ","18541":" ","18542":"}","18543":"\\","18544":"n","18545":"\\","18546":"n","18547":" ","18548":" ","18549":".","18550":"t","18551":"r","18552":"a","18553":"n","18554":"s","18555":"a","18556":"c","18557":"t","18558":"i","18559":"o","18560":"n","18561":"-","18562":"a","18563":"c","18564":"t","18565":"i","18566":"o","18567":"n","18568":"s","18569":" ","18570":"{","18571":"\\","18572":"n","18573":" ","18574":" ","18575":" ","18576":" ","18577":"m","18578":"a","18579":"r","18580":"g","18581":"i","18582":"n","18583":"-","18584":"l","18585":"e","18586":"f","18587":"t","18588":":","18589":" ","18590":"2","18591":"0","18592":"p","18593":"x","18594":";","18595":"\\","18596":"n","18597":" ","18598":" ","18599":" ","18600":" ","18601":"d","18602":"i","18603":"s","18604":"p","18605":"l","18606":"a","18607":"y","18608":":","18609":" ","18610":"f","18611":"l","18612":"e","18613":"x","18614":";","18615":"\\","18616":"n","18617":" ","18618":" ","18619":" ","18620":" ","18621":"g","18622":"a","18623":"p","18624":":","18625":" ","18626":"8","18627":"p","18628":"x","18629":";","18630":"\\","18631":"n","18632":" ","18633":" ","18634":"}","18635":"\\","18636":"n","18637":"\\","18638":"n","18639":" ","18640":" ","18641":".","18642":"e","18643":"d","18644":"i","18645":"t","18646":"-","18647":"b","18648":"u","18649":"t","18650":"t","18651":"o","18652":"n","18653":",","18654":"\\","18655":"n","18656":" ","18657":" ","18658":".","18659":"d","18660":"e","18661":"l","18662":"e","18663":"t","18664":"e","18665":"-","18666":"b","18667":"u","18668":"t","18669":"t","18670":"o","18671":"n","18672":" ","18673":"{","18674":"\\","18675":"n","18676":" ","18677":" ","18678":" ","18679":" ","18680":"p","18681":"a","18682":"d","18683":"d","18684":"i","18685":"n","18686":"g","18687":":","18688":" ","18689":"8","18690":"p","18691":"x","18692":" ","18693":"1","18694":"5","18695":"p","18696":"x","18697":";","18698":"\\","18699":"n","18700":" ","18701":" ","18702":" ","18703":" ","18704":"f","18705":"o","18706":"n","18707":"t","18708":"-","18709":"s","18710":"i","18711":"z","18712":"e","18713":":","18714":" ","18715":"0","18716":".","18717":"9","18718":"e","18719":"m","18720":";","18721":"\\","18722":"n","18723":" ","18724":" ","18725":" ","18726":" ","18727":"b","18728":"o","18729":"r","18730":"d","18731":"e","18732":"r","18733":"-","18734":"r","18735":"a","18736":"d","18737":"i","18738":"u","18739":"s","18740":":","18741":" ","18742":"4","18743":"p","18744":"x","18745":";","18746":"\\","18747":"n","18748":" ","18749":" ","18750":" ","18751":" ","18752":"m","18753":"i","18754":"n","18755":"-","18756":"w","18757":"i","18758":"d","18759":"t","18760":"h","18761":":","18762":" ","18763":"u","18764":"n","18765":"s","18766":"e","18767":"t","18768":";","18769":"\\","18770":"n","18771":" ","18772":" ","18773":"}","18774":"\\","18775":"n","18776":"\\","18777":"n","18778":" ","18779":" ","18780":".","18781":"e","18782":"d","18783":"i","18784":"t","18785":"-","18786":"b","18787":"u","18788":"t","18789":"t","18790":"o","18791":"n","18792":" ","18793":"{","18794":"\\","18795":"n","18796":" ","18797":" ","18798":" ","18799":" ","18800":"b","18801":"a","18802":"c","18803":"k","18804":"g","18805":"r","18806":"o","18807":"u","18808":"n","18809":"d","18810":"-","18811":"c","18812":"o","18813":"l","18814":"o","18815":"r","18816":":","18817":" ","18818":"#","18819":"f","18820":"f","18821":"c","18822":"1","18823":"0","18824":"7","18825":";","18826":"\\","18827":"n","18828":" ","18829":" ","18830":" ","18831":" ","18832":"c","18833":"o","18834":"l","18835":"o","18836":"r","18837":":","18838":" ","18839":"#","18840":"3","18841":"3","18842":"3","18843":";","18844":"\\","18845":"n","18846":" ","18847":" ","18848":"}","18849":"\\","18850":"n","18851":"\\","18852":"n","18853":" ","18854":" ","18855":".","18856":"e","18857":"d","18858":"i","18859":"t","18860":"-","18861":"b","18862":"u","18863":"t","18864":"t","18865":"o","18866":"n","18867":":","18868":"h","18869":"o","18870":"v","18871":"e","18872":"r","18873":":","18874":"n","18875":"o","18876":"t","18877":"(","18878":":","18879":"d","18880":"i","18881":"s","18882":"a","18883":"b","18884":"l","18885":"e","18886":"d","18887":")","18888":" ","18889":"{","18890":"\\","18891":"n","18892":" ","18893":" ","18894":" ","18895":" ","18896":"b","18897":"a","18898":"c","18899":"k","18900":"g","18901":"r","18902":"o","18903":"u","18904":"n","18905":"d","18906":"-","18907":"c","18908":"o","18909":"l","18910":"o","18911":"r","18912":":","18913":" ","18914":"#","18915":"e","18916":"0","18917":"a","18918":"8","18919":"0","18920":"0","18921":";","18922":"\\","18923":"n","18924":" ","18925":" ","18926":"}","18927":"\\","18928":"n","18929":"\\","18930":"n","18931":" ","18932":" ","18933":".","18934":"d","18935":"e","18936":"l","18937":"e","18938":"t","18939":"e","18940":"-","18941":"b","18942":"u","18943":"t","18944":"t","18945":"o","18946":"n","18947":" ","18948":"{","18949":"\\","18950":"n","18951":" ","18952":" ","18953":" ","18954":" ","18955":"b","18956":"a","18957":"c","18958":"k","18959":"g","18960":"r","18961":"o","18962":"u","18963":"n","18964":"d","18965":"-","18966":"c","18967":"o","18968":"l","18969":"o","18970":"r","18971":":","18972":" ","18973":"#","18974":"d","18975":"c","18976":"3","18977":"5","18978":"4","18979":"5","18980":";","18981":"\\","18982":"n","18983":" ","18984":" ","18985":" ","18986":" ","18987":"c","18988":"o","18989":"l","18990":"o","18991":"r","18992":":","18993":" ","18994":"w","18995":"h","18996":"i","18997":"t","18998":"e","18999":";","19000":"\\","19001":"n","19002":" ","19003":" ","19004":"}","19005":"\\","19006":"n","19007":"\\","19008":"n","19009":" ","19010":" ","19011":".","19012":"d","19013":"e","19014":"l","19015":"e","19016":"t","19017":"e","19018":"-","19019":"b","19020":"u","19021":"t","19022":"t","19023":"o","19024":"n","19025":":","19026":"h","19027":"o","19028":"v","19029":"e","19030":"r","19031":":","19032":"n","19033":"o","19034":"t","19035":"(","19036":":","19037":"d","19038":"i","19039":"s","19040":"a","19041":"b","19042":"l","19043":"e","19044":"d","19045":")","19046":" ","19047":"{","19048":"\\","19049":"n","19050":" ","19051":" ","19052":" ","19053":" ","19054":"b","19055":"a","19056":"c","19057":"k","19058":"g","19059":"r","19060":"o","19061":"u","19062":"n","19063":"d","19064":"-","19065":"c","19066":"o","19067":"l","19068":"o","19069":"r","19070":":","19071":" ","19072":"#","19073":"c","19074":"8","19075":"2","19076":"3","19077":"3","19078":"3","19079":";","19080":"\\","19081":"n","19082":" ","19083":" ","19084":"}","19085":"\\","19086":"n","19087":"<","19088":"/","19089":"s","19090":"t","19091":"y","19092":"l","19093":"e","19094":">","19095":"\\","19096":"n","19097":"\"","19098":"]","19099":"}"}}
}
